

================================================================
== Vivado HLS Report for 'conv_2d_cl_me_ap_fixed_ap_fixed_16_14_5_3_0_config2_s'
================================================================
* Date:           Thu Aug 18 12:36:13 2022

* Version:        2019.2 (Build 2704478 on Wed Nov 06 22:10:23 MST 2019)
* Project:        myproject_prj
* Solution:       solution1
* Product family: zynquplus
* Target device:  xczu9eg-ffvb1156-2-e


================================================================
== Performance Estimates
================================================================
+ Timing: 
    * Summary: 
    +--------+---------+----------+------------+
    |  Clock |  Target | Estimated| Uncertainty|
    +--------+---------+----------+------------+
    |ap_clk  | 5.00 ns | 4.127 ns |   0.62 ns  |
    +--------+---------+----------+------------+

+ Latency: 
    * Summary: 
    +---------+---------+----------+-----------+-----+-------+---------+
    |  Latency (cycles) |  Latency (absolute)  |   Interval  | Pipeline|
    |   min   |   max   |    min   |    max    | min |  max  |   Type  |
    +---------+---------+----------+-----------+-----+-------+---------+
    |      401|    15051| 2.005 us | 75.255 us |  401|  15051|   none  |
    +---------+---------+----------+-----------+-----+-------+---------+

    + Detail: 
        * Instance: 
        +-----------------------------------------------------------------+------------------------------------------------------+---------+---------+-----------+-----------+-----+-----+----------+
        |                                                                 |                                                      |  Latency (cycles) |   Latency (absolute)  |  Interval | Pipeline |
        |                             Instance                            |                        Module                        |   min   |   max   |    min    |    max    | min | max |   Type   |
        +-----------------------------------------------------------------+------------------------------------------------------+---------+---------+-----------+-----------+-----+-----+----------+
        |grp_cnnshift_arr_ap_fixed_ap_fixed_16_14_5_3_0_config2_s_fu_286  |cnnshift_arr_ap_fixed_ap_fixed_16_14_5_3_0_config2_s  |        6|        6| 30.000 ns | 30.000 ns |    7|    7| function |
        |grp_product_dense_ap_fixed_ap_fixed_ap_fixed_s_fu_325            |product_dense_ap_fixed_ap_fixed_ap_fixed_s            |        0|        0|    0 ns   |    0 ns   |    1|    1| function |
        +-----------------------------------------------------------------+------------------------------------------------------+---------+---------+-----------+-----------+-----+-----+----------+

        * Loop: 
        +-------------+---------+---------+----------+-----------+-----------+------+----------+
        |             |  Latency (cycles) | Iteration|  Initiation Interval  | Trip |          |
        |  Loop Name  |   min   |   max   |  Latency |  achieved |   target  | Count| Pipelined|
        +-------------+---------+---------+----------+-----------+-----------+------+----------+
        |- Loop 1     |      400|    15050| 16 ~ 602 |          -|          -|    25|    no    |
        | + Loop 1.1  |      577|      577|        10|          8|          8|    72|    yes   |
        +-------------+---------+---------+----------+-----------+-----------+------+----------+



================================================================
== Utilization Estimates
================================================================
* Summary: 
+-----------------+---------+-------+--------+--------+-----+
|       Name      | BRAM_18K| DSP48E|   FF   |   LUT  | URAM|
+-----------------+---------+-------+--------+--------+-----+
|DSP              |        -|      -|       -|       -|    -|
|Expression       |        -|      -|       0|    1815|    -|
|FIFO             |        -|      -|       -|       -|    -|
|Instance         |        0|      1|    1783|     695|    -|
|Memory           |        8|      -|       0|       0|    0|
|Multiplexer      |        -|      -|       -|     568|    -|
|Register         |        -|      -|    1135|       -|    -|
+-----------------+---------+-------+--------+--------+-----+
|Total            |        8|      1|    2918|    3078|    0|
+-----------------+---------+-------+--------+--------+-----+
|Available        |     1824|   2520|  548160|  274080|    0|
+-----------------+---------+-------+--------+--------+-----+
|Utilization (%)  |    ~0   |   ~0  |   ~0   |       1|    0|
+-----------------+---------+-------+--------+--------+-----+

+ Detail: 
    * Instance: 
    +-----------------------------------------------------------------+------------------------------------------------------+---------+-------+------+-----+-----+
    |                             Instance                            |                        Module                        | BRAM_18K| DSP48E|  FF  | LUT | URAM|
    +-----------------------------------------------------------------+------------------------------------------------------+---------+-------+------+-----+-----+
    |grp_cnnshift_arr_ap_fixed_ap_fixed_16_14_5_3_0_config2_s_fu_286  |cnnshift_arr_ap_fixed_ap_fixed_16_14_5_3_0_config2_s  |        0|      0|  1783|  695|    0|
    |grp_product_dense_ap_fixed_ap_fixed_ap_fixed_s_fu_325            |product_dense_ap_fixed_ap_fixed_ap_fixed_s            |        0|      1|     0|    0|    0|
    +-----------------------------------------------------------------+------------------------------------------------------+---------+-------+------+-----+-----+
    |Total                                                            |                                                      |        0|      1|  1783|  695|    0|
    +-----------------------------------------------------------------+------------------------------------------------------+---------+-------+------+-----+-----+

    * DSP48E: 
    N/A

    * Memory: 
    +--------------+--------------------------------------------------------------+---------+---+----+-----+------+-----+------+-------------+
    |    Memory    |                            Module                            | BRAM_18K| FF| LUT| URAM| Words| Bits| Banks| W*Bits*Banks|
    +--------------+--------------------------------------------------------------+---------+---+----+-----+------+-----+------+-------------+
    |layer_in_V_U  |conv_2d_cl_me_ap_fixed_ap_fixed_16_14_5_3_0_config2_s_layrcU  |        8|  0|   0|    0|     9|  128|     1|         1152|
    +--------------+--------------------------------------------------------------+---------+---+----+-----+------+-----+------+-------------+
    |Total         |                                                              |        8|  0|   0|    0|     9|  128|     1|         1152|
    +--------------+--------------------------------------------------------------+---------+---+----+-----+------+-----+------+-------------+

    * FIFO: 
    N/A

    * Expression: 
    +--------------------------+----------+-------+---+-----+------------+------------+
    |       Variable Name      | Operation| DSP48E| FF| LUT | Bitwidth P0| Bitwidth P1|
    +--------------------------+----------+-------+---+-----+------------+------------+
    |add_ln195_fu_905_p2       |     +    |      0|  0|   39|          32|           1|
    |add_ln197_fu_916_p2       |     +    |      0|  0|   39|          32|           1|
    |add_ln200_fu_859_p2       |     +    |      0|  0|   39|          32|           1|
    |add_ln202_fu_870_p2       |     +    |      0|  0|   39|          32|           1|
    |add_ln291_1_fu_552_p2     |     +    |      0|  0|   15|           1|           7|
    |add_ln293_fu_812_p2       |     +    |      0|  0|   22|           8|          15|
    |add_ln703_1_fu_776_p2     |     +    |      0|  0|   23|          16|          16|
    |add_ln703_2_fu_782_p2     |     +    |      0|  0|   23|          16|          16|
    |add_ln703_3_fu_788_p2     |     +    |      0|  0|   23|          16|          16|
    |add_ln703_4_fu_794_p2     |     +    |      0|  0|   23|          16|          16|
    |add_ln703_5_fu_818_p2     |     +    |      0|  0|   23|          16|          16|
    |add_ln703_6_fu_824_p2     |     +    |      0|  0|   23|          16|          16|
    |add_ln703_7_fu_830_p2     |     +    |      0|  0|   23|          16|          16|
    |add_ln703_fu_770_p2       |     +    |      0|  0|   23|          16|          16|
    |i_fu_443_p2               |     +    |      0|  0|   15|           5|           1|
    |i_in_fu_546_p2            |     +    |      0|  0|   15|           7|           1|
    |sub_ln293_1_fu_627_p2     |     -    |      0|  0|   15|           8|           8|
    |sub_ln293_2_fu_657_p2     |     -    |      0|  0|   15|           7|           8|
    |sub_ln293_fu_615_p2       |     -    |      0|  0|   15|           8|           8|
    |and_ln166_1_fu_528_p2     |    and   |      0|  0|    2|           1|           1|
    |and_ln166_2_fu_534_p2     |    and   |      0|  0|    2|           1|           1|
    |and_ln166_fu_522_p2       |    and   |      0|  0|    2|           1|           1|
    |and_ln293_fu_756_p2       |    and   |      0|  0|  128|         128|         128|
    |ap_block_state35_io       |    and   |      0|  0|    2|           1|           1|
    |ap_condition_621          |    and   |      0|  0|    2|           1|           1|
    |icmp_ln157_fu_437_p2      |   icmp   |      0|  0|   11|           5|           4|
    |icmp_ln166_1_fu_476_p2    |   icmp   |      0|  0|   20|          32|           2|
    |icmp_ln166_2_fu_496_p2    |   icmp   |      0|  0|   20|          31|           1|
    |icmp_ln166_3_fu_516_p2    |   icmp   |      0|  0|   20|          31|           1|
    |icmp_ln166_fu_466_p2      |   icmp   |      0|  0|   20|          32|           2|
    |icmp_ln187_fu_854_p2      |   icmp   |      0|  0|   20|          32|           3|
    |icmp_ln191_fu_900_p2      |   icmp   |      0|  0|   20|          32|           3|
    |icmp_ln291_1_fu_800_p2    |   icmp   |      0|  0|   11|           7|           4|
    |icmp_ln291_fu_540_p2      |   icmp   |      0|  0|   11|           7|           7|
    |icmp_ln293_fu_591_p2      |   icmp   |      0|  0|   11|           7|           7|
    |lshr_ln293_1_fu_750_p2    |   lshr   |      0|  0|  423|           2|         128|
    |lshr_ln293_fu_667_p2      |   lshr   |      0|  0|  423|         128|         128|
    |ap_block_state1           |    or    |      0|  0|    2|           1|           1|
    |ap_block_state2           |    or    |      0|  0|    2|           1|           1|
    |empty_19_fu_585_p2        |    or    |      0|  0|    7|           7|           4|
    |select_ln197_fu_921_p3    |  select  |      0|  0|   32|           1|           2|
    |select_ln202_fu_875_p3    |  select  |      0|  0|   32|           1|           2|
    |select_ln291_fu_805_p3    |  select  |      0|  0|    7|           1|           7|
    |select_ln293_1_fu_641_p3  |  select  |      0|  0|  107|           1|         128|
    |select_ln293_2_fu_649_p3  |  select  |      0|  0|    8|           1|           8|
    |select_ln293_fu_633_p3    |  select  |      0|  0|    8|           1|           8|
    |ap_enable_pp0             |    xor   |      0|  0|    2|           1|           2|
    |xor_ln293_fu_621_p2       |    xor   |      0|  0|    8|           8|           7|
    +--------------------------+----------+-------+---+-----+------------+------------+
    |Total                     |          |      0|  0| 1815|         803|         773|
    +--------------------------+----------+-------+---+-----+------------+------------+

    * Multiplexer: 
    +-----------------------------------------------------------+-----+-----------+-----+-----------+
    |                            Name                           | LUT | Input Size| Bits| Total Bits|
    +-----------------------------------------------------------+-----+-----------+-----+-----------+
    |ap_NS_fsm                                                  |  153|         34|    1|         34|
    |ap_done                                                    |    9|          2|    1|          2|
    |ap_enable_reg_pp0_iter1                                    |    9|          2|    1|          2|
    |ap_phi_mux_i_in_0_i_i_phi_fu_246_p4                        |    9|          2|    7|         14|
    |ap_phi_mux_phi_mul_phi_fu_257_p4                           |    9|          2|   15|         30|
    |ap_phi_mux_phi_urem_phi_fu_269_p4                          |    9|          2|    7|         14|
    |ap_phi_mux_storemerge_i_phi_fu_279_p4                      |   15|          3|   32|         96|
    |data_V_V_blk_n                                             |    9|          2|    1|          2|
    |grp_fu_331_p1                                              |   15|          3|  128|        384|
    |grp_fu_342_p1                                              |   15|          3|  128|        384|
    |grp_fu_352_p1                                              |   15|          3|  128|        384|
    |grp_fu_362_p1                                              |   15|          3|  128|        384|
    |grp_fu_372_p1                                              |   15|          3|  128|        384|
    |grp_fu_382_p1                                              |   15|          3|  128|        384|
    |grp_fu_392_p1                                              |   15|          3|  128|        384|
    |grp_product_dense_ap_fixed_ap_fixed_ap_fixed_s_fu_325_a_V  |   15|          3|   16|         48|
    |grp_product_dense_ap_fixed_ap_fixed_ap_fixed_s_fu_325_w_V  |   44|          9|   16|        144|
    |i_0_i_reg_219                                              |    9|          2|    5|         10|
    |i_in_0_i_i_reg_242                                         |    9|          2|    7|         14|
    |layer_in_V_address0                                        |   15|          3|    4|         12|
    |layer_in_V_ce0                                             |   15|          3|    1|          3|
    |layer_in_V_ce1                                             |    9|          2|    1|          2|
    |layer_in_V_we0                                             |    9|          2|    1|          2|
    |layer_in_V_we1                                             |    9|          2|    1|          2|
    |layer_out_i_1_reg_230                                      |    9|          2|  128|        256|
    |pX                                                         |    9|          2|   32|         64|
    |pY                                                         |    9|          2|   32|         64|
    |phi_mul_reg_253                                            |    9|          2|   15|         30|
    |phi_urem_reg_265                                           |    9|          2|    7|         14|
    |res_V_V_TDATA_blk_n                                        |    9|          2|    1|          2|
    |res_V_V_TDATA_int                                          |   44|          9|   16|        144|
    |sX                                                         |    9|          2|   32|         64|
    +-----------------------------------------------------------+-----+-----------+-----+-----------+
    |Total                                                      |  568|        121| 1276|       3757|
    +-----------------------------------------------------------+-----+-----------+-----+-----------+

    * Register: 
    +------------------------------------------------------------------------------+-----+----+-----+-----------+
    |                                     Name                                     |  FF | LUT| Bits| Const Bits|
    +------------------------------------------------------------------------------+-----+----+-----+-----------+
    |add_ln291_1_reg_1039                                                          |    7|   0|    7|          0|
    |add_ln293_reg_1145                                                            |   15|   0|   15|          0|
    |add_ln703_1_reg_1120                                                          |   16|   0|   16|          0|
    |add_ln703_2_reg_1125                                                          |   16|   0|   16|          0|
    |add_ln703_3_reg_1130                                                          |   16|   0|   16|          0|
    |add_ln703_4_reg_1135                                                          |   16|   0|   16|          0|
    |add_ln703_5_reg_1150                                                          |   16|   0|   16|          0|
    |add_ln703_6_reg_1155                                                          |   16|   0|   16|          0|
    |add_ln703_reg_1115                                                            |   16|   0|   16|          0|
    |and_ln166_2_reg_1026                                                          |    1|   0|    1|          0|
    |ap_CS_fsm                                                                     |   33|   0|   33|          0|
    |ap_done_reg                                                                   |    1|   0|    1|          0|
    |ap_enable_reg_pp0_iter0                                                       |    1|   0|    1|          0|
    |ap_enable_reg_pp0_iter1                                                       |    1|   0|    1|          0|
    |grp_cnnshift_arr_ap_fixed_ap_fixed_16_14_5_3_0_config2_s_fu_286_ap_start_reg  |    1|   0|    1|          0|
    |i_0_i_reg_219                                                                 |    5|   0|    5|          0|
    |i_in_0_i_i_reg_242                                                            |    7|   0|    7|          0|
    |i_in_reg_1034                                                                 |    7|   0|    7|          0|
    |i_reg_944                                                                     |    5|   0|    5|          0|
    |icmp_ln166_1_reg_1009                                                         |    1|   0|    1|          0|
    |icmp_ln166_reg_999                                                            |    1|   0|    1|          0|
    |icmp_ln291_reg_1030                                                           |    1|   0|    1|          0|
    |icmp_ln291_reg_1030_pp0_iter1_reg                                             |    1|   0|    1|          0|
    |layer_out_i_1_reg_230                                                         |  128|   0|  128|          0|
    |lshr_ln293_reg_1065                                                           |  128|   0|  128|          0|
    |pX                                                                            |   32|   0|   32|          0|
    |pX_load_reg_1020                                                              |   32|   0|   32|          0|
    |pY                                                                            |   32|   0|   32|          0|
    |pY_load_reg_1014                                                              |   32|   0|   32|          0|
    |phi_mul_reg_253                                                               |   15|   0|   15|          0|
    |phi_urem_reg_265                                                              |    7|   0|    7|          0|
    |reg_402                                                                       |   16|   0|   16|          0|
    |reg_407                                                                       |   16|   0|   16|          0|
    |reg_412                                                                       |   16|   0|   16|          0|
    |reg_417                                                                       |   16|   0|   16|          0|
    |reg_422                                                                       |   16|   0|   16|          0|
    |reg_427                                                                       |   16|   0|   16|          0|
    |reg_432                                                                       |   16|   0|   16|          0|
    |sX                                                                            |   32|   0|   32|          0|
    |sX_load_reg_994                                                               |   32|   0|   32|          0|
    |sY                                                                            |   32|   0|   32|          0|
    |sY_load_reg_1004                                                              |   32|   0|   32|          0|
    |select_ln291_reg_1140                                                         |    7|   0|    7|          0|
    |sub_ln293_2_reg_1060                                                          |    7|   0|    8|          1|
    |tmp_11_reg_1095                                                               |   16|   0|   16|          0|
    |tmp_13_reg_1100                                                               |   16|   0|   16|          0|
    |tmp_15_reg_1105                                                               |   16|   0|   16|          0|
    |tmp_18_reg_1050                                                               |    3|   0|    3|          0|
    |tmp_3_reg_1075                                                                |   16|   0|   16|          0|
    |tmp_5_reg_1080                                                                |   16|   0|   16|          0|
    |tmp_7_reg_1085                                                                |   16|   0|   16|          0|
    |tmp_9_reg_1090                                                                |   16|   0|   16|          0|
    |tmp_V_10_reg_964                                                              |   16|   0|   16|          0|
    |tmp_V_11_reg_969                                                              |   16|   0|   16|          0|
    |tmp_V_12_reg_974                                                              |   16|   0|   16|          0|
    |tmp_V_13_reg_979                                                              |   16|   0|   16|          0|
    |tmp_V_14_reg_984                                                              |   16|   0|   16|          0|
    |tmp_V_8_reg_954                                                               |   16|   0|   16|          0|
    |tmp_V_9_reg_959                                                               |   16|   0|   16|          0|
    |tmp_V_reg_949                                                                 |   16|   0|   16|          0|
    |tmpt_V_reg_1110                                                               |   16|   0|   16|          0|
    |trunc_ln299_reg_1070                                                          |   16|   0|   16|          0|
    +------------------------------------------------------------------------------+-----+----+-----+-----------+
    |Total                                                                         | 1135|   0| 1136|          1|
    +------------------------------------------------------------------------------+-----+----+-----+-----------+



================================================================
== Interface
================================================================
* Summary: 
+--------------------+-----+-----+------------+-------------------------------------------------------+--------------+
|      RTL Ports     | Dir | Bits|  Protocol  |                     Source Object                     |    C Type    |
+--------------------+-----+-----+------------+-------------------------------------------------------+--------------+
|ap_clk              |  in |    1| ap_ctrl_hs | conv_2d_cl_me<ap_fixed,ap_fixed<16,14,5,3,0>,config2> | return value |
|ap_rst              |  in |    1| ap_ctrl_hs | conv_2d_cl_me<ap_fixed,ap_fixed<16,14,5,3,0>,config2> | return value |
|ap_start            |  in |    1| ap_ctrl_hs | conv_2d_cl_me<ap_fixed,ap_fixed<16,14,5,3,0>,config2> | return value |
|ap_done             | out |    1| ap_ctrl_hs | conv_2d_cl_me<ap_fixed,ap_fixed<16,14,5,3,0>,config2> | return value |
|ap_continue         |  in |    1| ap_ctrl_hs | conv_2d_cl_me<ap_fixed,ap_fixed<16,14,5,3,0>,config2> | return value |
|ap_idle             | out |    1| ap_ctrl_hs | conv_2d_cl_me<ap_fixed,ap_fixed<16,14,5,3,0>,config2> | return value |
|ap_ready            | out |    1| ap_ctrl_hs | conv_2d_cl_me<ap_fixed,ap_fixed<16,14,5,3,0>,config2> | return value |
|data_V_V_dout       |  in |   16|   ap_fifo  |                        data_V_V                       |    pointer   |
|data_V_V_empty_n    |  in |    1|   ap_fifo  |                        data_V_V                       |    pointer   |
|data_V_V_read       | out |    1|   ap_fifo  |                        data_V_V                       |    pointer   |
|res_V_V_TDATA       | out |   16|    axis    |                        res_V_V                        |    pointer   |
|res_V_V_TVALID      | out |    1|    axis    |                        res_V_V                        |    pointer   |
|res_V_V_TREADY      |  in |    1|    axis    |                        res_V_V                        |    pointer   |
|weights_V_address0  | out |    7|  ap_memory |                       weights_V                       |     array    |
|weights_V_ce0       | out |    1|  ap_memory |                       weights_V                       |     array    |
|weights_V_q0        |  in |  128|  ap_memory |                       weights_V                       |     array    |
+--------------------+-----+-----+------------+-------------------------------------------------------+--------------+

