

================================================================
== Vivado HLS Report for 'conv_2d_cl_me_ap_fixed_ap_fixed_16_14_5_3_0_config2_s'
================================================================
* Date:           Thu Aug 18 12:36:11 2022

* Version:        2019.2 (Build 2704478 on Wed Nov 06 22:10:23 MST 2019)
* Project:        myproject_prj
* Solution:       solution1
* Product family: zynquplus
* Target device:  xczu9eg-ffvb1156-2-e


================================================================
== Performance Estimates
================================================================
+ Timing: 
    * Summary: 
    +--------+---------+----------+------------+
    |  Clock |  Target | Estimated| Uncertainty|
    +--------+---------+----------+------------+
    |ap_clk  | 5.00 ns | 4.127 ns |   0.62 ns  |
    +--------+---------+----------+------------+

+ Latency: 
    * Summary: 
    +---------+---------+----------+-----------+-----+-------+---------+
    |  Latency (cycles) |  Latency (absolute)  |   Interval  | Pipeline|
    |   min   |   max   |    min   |    max    | min |  max  |   Type  |
    +---------+---------+----------+-----------+-----+-------+---------+
    |      401|    15051| 2.005 us | 75.255 us |  401|  15051|   none  |
    +---------+---------+----------+-----------+-----+-------+---------+

    + Detail: 
        * Instance: 
        N/A

        * Loop: 
        +-------------+---------+---------+----------+-----------+-----------+------+----------+
        |             |  Latency (cycles) | Iteration|  Initiation Interval  | Trip |          |
        |  Loop Name  |   min   |   max   |  Latency |  achieved |   target  | Count| Pipelined|
        +-------------+---------+---------+----------+-----------+-----------+------+----------+
        |- Loop 1     |      400|    15050| 16 ~ 602 |          -|          -|    25|    no    |
        | + Loop 1.1  |      577|      577|        10|          8|          8|    72|    yes   |
        +-------------+---------+---------+----------+-----------+-----------+------+----------+

============================================================
+ Verbose Summary: Synthesis Manager
============================================================
InlineROM: 1
ExposeGlobal: 0
============================================================
+ Verbose Summary: CDFG Model
============================================================
IsTopModel: 0
ResetActiveHigh: 1
IsCombinational: 2
IsDatapathOnly: 0
HasWiredReturn: 1
HasMFsm: 0
HasVarLatency: 1
IsPipeline: 0
IsRtlPipelined: 0
IsInstanceOverlapped: 0
IsDontTouch: 0
HasImplIP: 0
IsGatedGlobalClock: 0

+ Individual pipeline summary: 
  * Pipeline-0: initiation interval (II) = 8, depth = 10


============================================================
+ Verbose Summary: Schedule
============================================================
* Number of FSM states : 35
* Pipeline : 1
  Pipeline-0 : II = 8, D = 10, States = { 17 18 19 20 21 22 23 24 25 26 }
* Dataflow Pipeline: 0

* FSM state transitions: 
1 --> 2 
2 --> 3 
3 --> 4 
4 --> 5 
5 --> 6 
6 --> 7 
7 --> 8 
8 --> 9 
9 --> 10 
10 --> 11 
11 --> 12 
12 --> 13 
13 --> 14 
14 --> 15 
15 --> 16 
16 --> 35 17 
17 --> 27 18 
18 --> 19 
19 --> 20 
20 --> 21 
21 --> 22 
22 --> 23 
23 --> 24 
24 --> 25 
25 --> 26 
26 --> 17 
27 --> 28 
28 --> 29 
29 --> 30 
30 --> 31 
31 --> 32 
32 --> 33 
33 --> 34 
34 --> 35 
35 --> 2 

* FSM state operations: 

State 1 <SV = 0> <Delay = 0.65>
ST_1 : Operation 36 [1/1] (0.00ns)   --->   "call void (...)* @_ssdm_op_SpecInterface(i16* %data_V_V, [8 x i8]* @ap_fifo_str, i32 0, i32 0, [1 x i8]* @p_str57, i32 0, i32 0, [1 x i8]* @p_str58, [1 x i8]* @p_str59, [1 x i8]* @p_str60, i32 2, i32 2, i32 16, i32 16, [1 x i8]* @p_str61, [1 x i8]* @p_str62)"   --->   Operation 36 'specinterface' <Predicate = true> <Delay = 0.00>
ST_1 : Operation 37 [1/1] (0.00ns)   --->   "call void (...)* @_ssdm_op_SpecInterface(i16* %res_V_V, [5 x i8]* @p_str, i32 1, i32 1, [5 x i8]* @p_str3, i32 0, i32 0, [1 x i8]* @p_str4, [1 x i8]* @p_str4, [1 x i8]* @p_str4, i32 0, i32 0, i32 0, i32 0, [1 x i8]* @p_str4, [1 x i8]* @p_str4) nounwind"   --->   Operation 37 'specinterface' <Predicate = true> <Delay = 0.00>
ST_1 : Operation 38 [1/1] (0.65ns)   --->   "br label %0" [firmware/nnet_utils/nnet_conv2d_stream.h:157->firmware/nnet_utils/nnet_conv2d_stream.h:367]   --->   Operation 38 'br' <Predicate = true> <Delay = 0.65>

State 2 <SV = 1> <Delay = 1.83>
ST_2 : Operation 39 [1/1] (0.00ns)   --->   "%i_0_i = phi i5 [ 0, %codeRepl ], [ %i, %6 ]"   --->   Operation 39 'phi' 'i_0_i' <Predicate = true> <Delay = 0.00>
ST_2 : Operation 40 [1/1] (0.75ns)   --->   "%icmp_ln157 = icmp eq i5 %i_0_i, -7" [firmware/nnet_utils/nnet_conv2d_stream.h:157->firmware/nnet_utils/nnet_conv2d_stream.h:367]   --->   Operation 40 'icmp' 'icmp_ln157' <Predicate = true> <Delay = 0.75> <Core = "Cmp">   --->   Core 25 'Cmp' <Latency = 0> <II = 1> <Delay = 0.99> <FuncUnit> <Opcode : 'icmp'> <InPorts = 2> <OutPorts = 1>
ST_2 : Operation 41 [1/1] (0.00ns)   --->   "%empty = call i32 (...)* @_ssdm_op_SpecLoopTripCount(i64 25, i64 25, i64 25)"   --->   Operation 41 'speclooptripcount' 'empty' <Predicate = true> <Delay = 0.00>
ST_2 : Operation 42 [1/1] (0.78ns)   --->   "%i = add i5 %i_0_i, 1" [firmware/nnet_utils/nnet_conv2d_stream.h:157->firmware/nnet_utils/nnet_conv2d_stream.h:367]   --->   Operation 42 'add' 'i' <Predicate = true> <Delay = 0.78> <Core = "AddSub">   --->   Core 14 'AddSub' <Latency = 0> <II = 1> <Delay = 1.01> <FuncUnit> <Opcode : 'add' 'sub'> <InPorts = 2> <OutPorts = 1>
ST_2 : Operation 43 [1/1] (0.00ns)   --->   "br i1 %icmp_ln157, label %"conv_2d_large_cl_nopad_pad_me<ap_fixed<16, 14, 5, 3, 0>, ap_fixed<16, 14, 5, 3, 0>, config2>.exit", label %.preheader.i.0" [firmware/nnet_utils/nnet_conv2d_stream.h:157->firmware/nnet_utils/nnet_conv2d_stream.h:367]   --->   Operation 43 'br' <Predicate = true> <Delay = 0.00>
ST_2 : Operation 44 [1/1] (1.83ns)   --->   "%tmp_V = call i16 @_ssdm_op_Read.ap_fifo.volatile.i16P(i16* %data_V_V)" [firmware/nnet_utils/nnet_conv2d_stream.h:161->firmware/nnet_utils/nnet_conv2d_stream.h:367]   --->   Operation 44 'read' 'tmp_V' <Predicate = (!icmp_ln157)> <Delay = 1.83> <Core = "FIFO_SRL">   --->   Core 36 'FIFO_SRL' <Latency = 0> <II = 1> <Delay = 1.83> <Storage> <Opcode : 'read' 'write' 'nbread' 'nbwrite'> <Ports = 0> <Width = 16> <Depth = 0> <FIFO>
ST_2 : Operation 45 [1/1] (0.00ns)   --->   "ret void" [firmware/nnet_utils/nnet_conv2d_stream.h:373]   --->   Operation 45 'ret' <Predicate = (icmp_ln157)> <Delay = 0.00>

State 3 <SV = 2> <Delay = 1.83>
ST_3 : Operation 46 [1/1] (1.83ns)   --->   "%tmp_V_8 = call i16 @_ssdm_op_Read.ap_fifo.volatile.i16P(i16* %data_V_V)" [firmware/nnet_utils/nnet_conv2d_stream.h:161->firmware/nnet_utils/nnet_conv2d_stream.h:367]   --->   Operation 46 'read' 'tmp_V_8' <Predicate = true> <Delay = 1.83> <Core = "FIFO_SRL">   --->   Core 36 'FIFO_SRL' <Latency = 0> <II = 1> <Delay = 1.83> <Storage> <Opcode : 'read' 'write' 'nbread' 'nbwrite'> <Ports = 0> <Width = 16> <Depth = 0> <FIFO>

State 4 <SV = 3> <Delay = 1.83>
ST_4 : Operation 47 [1/1] (1.83ns)   --->   "%tmp_V_9 = call i16 @_ssdm_op_Read.ap_fifo.volatile.i16P(i16* %data_V_V)" [firmware/nnet_utils/nnet_conv2d_stream.h:161->firmware/nnet_utils/nnet_conv2d_stream.h:367]   --->   Operation 47 'read' 'tmp_V_9' <Predicate = true> <Delay = 1.83> <Core = "FIFO_SRL">   --->   Core 36 'FIFO_SRL' <Latency = 0> <II = 1> <Delay = 1.83> <Storage> <Opcode : 'read' 'write' 'nbread' 'nbwrite'> <Ports = 0> <Width = 16> <Depth = 0> <FIFO>

State 5 <SV = 4> <Delay = 1.83>
ST_5 : Operation 48 [1/1] (1.83ns)   --->   "%tmp_V_10 = call i16 @_ssdm_op_Read.ap_fifo.volatile.i16P(i16* %data_V_V)" [firmware/nnet_utils/nnet_conv2d_stream.h:161->firmware/nnet_utils/nnet_conv2d_stream.h:367]   --->   Operation 48 'read' 'tmp_V_10' <Predicate = true> <Delay = 1.83> <Core = "FIFO_SRL">   --->   Core 36 'FIFO_SRL' <Latency = 0> <II = 1> <Delay = 1.83> <Storage> <Opcode : 'read' 'write' 'nbread' 'nbwrite'> <Ports = 0> <Width = 16> <Depth = 0> <FIFO>

State 6 <SV = 5> <Delay = 1.83>
ST_6 : Operation 49 [1/1] (1.83ns)   --->   "%tmp_V_11 = call i16 @_ssdm_op_Read.ap_fifo.volatile.i16P(i16* %data_V_V)" [firmware/nnet_utils/nnet_conv2d_stream.h:161->firmware/nnet_utils/nnet_conv2d_stream.h:367]   --->   Operation 49 'read' 'tmp_V_11' <Predicate = true> <Delay = 1.83> <Core = "FIFO_SRL">   --->   Core 36 'FIFO_SRL' <Latency = 0> <II = 1> <Delay = 1.83> <Storage> <Opcode : 'read' 'write' 'nbread' 'nbwrite'> <Ports = 0> <Width = 16> <Depth = 0> <FIFO>

State 7 <SV = 6> <Delay = 1.83>
ST_7 : Operation 50 [1/1] (1.83ns)   --->   "%tmp_V_12 = call i16 @_ssdm_op_Read.ap_fifo.volatile.i16P(i16* %data_V_V)" [firmware/nnet_utils/nnet_conv2d_stream.h:161->firmware/nnet_utils/nnet_conv2d_stream.h:367]   --->   Operation 50 'read' 'tmp_V_12' <Predicate = true> <Delay = 1.83> <Core = "FIFO_SRL">   --->   Core 36 'FIFO_SRL' <Latency = 0> <II = 1> <Delay = 1.83> <Storage> <Opcode : 'read' 'write' 'nbread' 'nbwrite'> <Ports = 0> <Width = 16> <Depth = 0> <FIFO>

State 8 <SV = 7> <Delay = 1.83>
ST_8 : Operation 51 [1/1] (1.83ns)   --->   "%tmp_V_13 = call i16 @_ssdm_op_Read.ap_fifo.volatile.i16P(i16* %data_V_V)" [firmware/nnet_utils/nnet_conv2d_stream.h:161->firmware/nnet_utils/nnet_conv2d_stream.h:367]   --->   Operation 51 'read' 'tmp_V_13' <Predicate = true> <Delay = 1.83> <Core = "FIFO_SRL">   --->   Core 36 'FIFO_SRL' <Latency = 0> <II = 1> <Delay = 1.83> <Storage> <Opcode : 'read' 'write' 'nbread' 'nbwrite'> <Ports = 0> <Width = 16> <Depth = 0> <FIFO>

State 9 <SV = 8> <Delay = 1.83>
ST_9 : Operation 52 [1/1] (1.83ns)   --->   "%tmp_V_14 = call i16 @_ssdm_op_Read.ap_fifo.volatile.i16P(i16* %data_V_V)" [firmware/nnet_utils/nnet_conv2d_stream.h:161->firmware/nnet_utils/nnet_conv2d_stream.h:367]   --->   Operation 52 'read' 'tmp_V_14' <Predicate = true> <Delay = 1.83> <Core = "FIFO_SRL">   --->   Core 36 'FIFO_SRL' <Latency = 0> <II = 1> <Delay = 1.83> <Storage> <Opcode : 'read' 'write' 'nbread' 'nbwrite'> <Ports = 0> <Width = 16> <Depth = 0> <FIFO>

State 10 <SV = 9> <Delay = 2.67>
ST_10 : Operation 53 [1/1] (0.00ns)   --->   "%tmpdata_V = call i128 @_ssdm_op_BitConcatenate.i128.i16.i16.i16.i16.i16.i16.i16.i16(i16 %tmp_V_14, i16 %tmp_V_13, i16 %tmp_V_12, i16 %tmp_V_11, i16 %tmp_V_10, i16 %tmp_V_9, i16 %tmp_V_8, i16 %tmp_V)" [firmware/nnet_utils/nnet_conv2d_stream.h:161->firmware/nnet_utils/nnet_conv2d_stream.h:367]   --->   Operation 53 'bitconcatenate' 'tmpdata_V' <Predicate = true> <Delay = 0.00>
ST_10 : Operation 54 [7/7] (2.67ns)   --->   "call fastcc void @"cnnshift_arr<ap_fixed,ap_fixed<16,14,5,3,0>,config2>"(i128 %tmpdata_V, [9 x i128]* @layer_in_V)" [firmware/nnet_utils/nnet_conv2d_stream.h:161->firmware/nnet_utils/nnet_conv2d_stream.h:367]   --->   Operation 54 'call' <Predicate = true> <Delay = 2.67> <CoreType = "Generic">   --->   Core 0 '' <Latency = 0> <II = 1> <Delay = 1.00> <Generic> <Opcode : >

State 11 <SV = 10> <Delay = 2.67>
ST_11 : Operation 55 [6/7] (2.67ns)   --->   "call fastcc void @"cnnshift_arr<ap_fixed,ap_fixed<16,14,5,3,0>,config2>"(i128 %tmpdata_V, [9 x i128]* @layer_in_V)" [firmware/nnet_utils/nnet_conv2d_stream.h:161->firmware/nnet_utils/nnet_conv2d_stream.h:367]   --->   Operation 55 'call' <Predicate = true> <Delay = 2.67> <CoreType = "Generic">   --->   Core 0 '' <Latency = 0> <II = 1> <Delay = 1.00> <Generic> <Opcode : >

State 12 <SV = 11> <Delay = 2.67>
ST_12 : Operation 56 [5/7] (2.67ns)   --->   "call fastcc void @"cnnshift_arr<ap_fixed,ap_fixed<16,14,5,3,0>,config2>"(i128 %tmpdata_V, [9 x i128]* @layer_in_V)" [firmware/nnet_utils/nnet_conv2d_stream.h:161->firmware/nnet_utils/nnet_conv2d_stream.h:367]   --->   Operation 56 'call' <Predicate = true> <Delay = 2.67> <CoreType = "Generic">   --->   Core 0 '' <Latency = 0> <II = 1> <Delay = 1.00> <Generic> <Opcode : >

State 13 <SV = 12> <Delay = 2.67>
ST_13 : Operation 57 [4/7] (2.67ns)   --->   "call fastcc void @"cnnshift_arr<ap_fixed,ap_fixed<16,14,5,3,0>,config2>"(i128 %tmpdata_V, [9 x i128]* @layer_in_V)" [firmware/nnet_utils/nnet_conv2d_stream.h:161->firmware/nnet_utils/nnet_conv2d_stream.h:367]   --->   Operation 57 'call' <Predicate = true> <Delay = 2.67> <CoreType = "Generic">   --->   Core 0 '' <Latency = 0> <II = 1> <Delay = 1.00> <Generic> <Opcode : >

State 14 <SV = 13> <Delay = 2.67>
ST_14 : Operation 58 [3/7] (2.67ns)   --->   "call fastcc void @"cnnshift_arr<ap_fixed,ap_fixed<16,14,5,3,0>,config2>"(i128 %tmpdata_V, [9 x i128]* @layer_in_V)" [firmware/nnet_utils/nnet_conv2d_stream.h:161->firmware/nnet_utils/nnet_conv2d_stream.h:367]   --->   Operation 58 'call' <Predicate = true> <Delay = 2.67> <CoreType = "Generic">   --->   Core 0 '' <Latency = 0> <II = 1> <Delay = 1.00> <Generic> <Opcode : >

State 15 <SV = 14> <Delay = 2.67>
ST_15 : Operation 59 [2/7] (2.67ns)   --->   "call fastcc void @"cnnshift_arr<ap_fixed,ap_fixed<16,14,5,3,0>,config2>"(i128 %tmpdata_V, [9 x i128]* @layer_in_V)" [firmware/nnet_utils/nnet_conv2d_stream.h:161->firmware/nnet_utils/nnet_conv2d_stream.h:367]   --->   Operation 59 'call' <Predicate = true> <Delay = 2.67> <CoreType = "Generic">   --->   Core 0 '' <Latency = 0> <II = 1> <Delay = 1.00> <Generic> <Opcode : >

State 16 <SV = 15> <Delay = 1.57>
ST_16 : Operation 60 [1/7] (0.00ns)   --->   "call fastcc void @"cnnshift_arr<ap_fixed,ap_fixed<16,14,5,3,0>,config2>"(i128 %tmpdata_V, [9 x i128]* @layer_in_V)" [firmware/nnet_utils/nnet_conv2d_stream.h:161->firmware/nnet_utils/nnet_conv2d_stream.h:367]   --->   Operation 60 'call' <Predicate = true> <Delay = 0.00> <CoreType = "Generic">   --->   Core 0 '' <Latency = 0> <II = 1> <Delay = 1.00> <Generic> <Opcode : >
ST_16 : Operation 61 [1/1] (0.00ns)   --->   "%sX_load = load i32* @sX, align 4" [firmware/nnet_utils/nnet_conv2d_stream.h:166->firmware/nnet_utils/nnet_conv2d_stream.h:367]   --->   Operation 61 'load' 'sX_load' <Predicate = true> <Delay = 0.00>
ST_16 : Operation 62 [1/1] (0.99ns)   --->   "%icmp_ln166 = icmp eq i32 %sX_load, 2" [firmware/nnet_utils/nnet_conv2d_stream.h:166->firmware/nnet_utils/nnet_conv2d_stream.h:367]   --->   Operation 62 'icmp' 'icmp_ln166' <Predicate = true> <Delay = 0.99> <Core = "Cmp">   --->   Core 25 'Cmp' <Latency = 0> <II = 1> <Delay = 0.99> <FuncUnit> <Opcode : 'icmp'> <InPorts = 2> <OutPorts = 1>
ST_16 : Operation 63 [1/1] (0.00ns)   --->   "%sY_load = load i32* @sY, align 4" [firmware/nnet_utils/nnet_conv2d_stream.h:166->firmware/nnet_utils/nnet_conv2d_stream.h:367]   --->   Operation 63 'load' 'sY_load' <Predicate = true> <Delay = 0.00>
ST_16 : Operation 64 [1/1] (0.99ns)   --->   "%icmp_ln166_1 = icmp eq i32 %sY_load, 2" [firmware/nnet_utils/nnet_conv2d_stream.h:166->firmware/nnet_utils/nnet_conv2d_stream.h:367]   --->   Operation 64 'icmp' 'icmp_ln166_1' <Predicate = true> <Delay = 0.99> <Core = "Cmp">   --->   Core 25 'Cmp' <Latency = 0> <II = 1> <Delay = 0.99> <FuncUnit> <Opcode : 'icmp'> <InPorts = 2> <OutPorts = 1>
ST_16 : Operation 65 [1/1] (0.00ns)   --->   "%pY_load = load i32* @pY, align 4" [firmware/nnet_utils/nnet_conv2d_stream.h:166->firmware/nnet_utils/nnet_conv2d_stream.h:367]   --->   Operation 65 'load' 'pY_load' <Predicate = true> <Delay = 0.00>
ST_16 : Operation 66 [1/1] (0.00ns)   --->   "%tmp_1 = call i31 @_ssdm_op_PartSelect.i31.i32.i32.i32(i32 %pY_load, i32 1, i32 31)" [firmware/nnet_utils/nnet_conv2d_stream.h:166->firmware/nnet_utils/nnet_conv2d_stream.h:367]   --->   Operation 66 'partselect' 'tmp_1' <Predicate = true> <Delay = 0.00>
ST_16 : Operation 67 [1/1] (0.99ns)   --->   "%icmp_ln166_2 = icmp sgt i31 %tmp_1, 0" [firmware/nnet_utils/nnet_conv2d_stream.h:166->firmware/nnet_utils/nnet_conv2d_stream.h:367]   --->   Operation 67 'icmp' 'icmp_ln166_2' <Predicate = true> <Delay = 0.99> <Core = "Cmp">   --->   Core 25 'Cmp' <Latency = 0> <II = 1> <Delay = 0.99> <FuncUnit> <Opcode : 'icmp'> <InPorts = 2> <OutPorts = 1>
ST_16 : Operation 68 [1/1] (0.00ns)   --->   "%pX_load = load i32* @pX, align 4" [firmware/nnet_utils/nnet_conv2d_stream.h:166->firmware/nnet_utils/nnet_conv2d_stream.h:367]   --->   Operation 68 'load' 'pX_load' <Predicate = true> <Delay = 0.00>
ST_16 : Operation 69 [1/1] (0.00ns)   --->   "%tmp_2 = call i31 @_ssdm_op_PartSelect.i31.i32.i32.i32(i32 %pX_load, i32 1, i32 31)" [firmware/nnet_utils/nnet_conv2d_stream.h:166->firmware/nnet_utils/nnet_conv2d_stream.h:367]   --->   Operation 69 'partselect' 'tmp_2' <Predicate = true> <Delay = 0.00>
ST_16 : Operation 70 [1/1] (0.99ns)   --->   "%icmp_ln166_3 = icmp sgt i31 %tmp_2, 0" [firmware/nnet_utils/nnet_conv2d_stream.h:166->firmware/nnet_utils/nnet_conv2d_stream.h:367]   --->   Operation 70 'icmp' 'icmp_ln166_3' <Predicate = true> <Delay = 0.99> <Core = "Cmp">   --->   Core 25 'Cmp' <Latency = 0> <II = 1> <Delay = 0.99> <FuncUnit> <Opcode : 'icmp'> <InPorts = 2> <OutPorts = 1>
ST_16 : Operation 71 [1/1] (0.00ns) (grouped into LUT with out node and_ln166_2)   --->   "%and_ln166 = and i1 %icmp_ln166, %icmp_ln166_1" [firmware/nnet_utils/nnet_conv2d_stream.h:166->firmware/nnet_utils/nnet_conv2d_stream.h:367]   --->   Operation 71 'and' 'and_ln166' <Predicate = true> <Delay = 0.00> <Core = "LogicGate">   --->   Core 27 'LogicGate' <Latency = 0> <II = 1> <Delay = 0.28> <FuncUnit> <Opcode : 'and' 'or' 'xor'> <InPorts = 2> <OutPorts = 1>
ST_16 : Operation 72 [1/1] (0.00ns) (grouped into LUT with out node and_ln166_2)   --->   "%and_ln166_1 = and i1 %icmp_ln166_2, %icmp_ln166_3" [firmware/nnet_utils/nnet_conv2d_stream.h:166->firmware/nnet_utils/nnet_conv2d_stream.h:367]   --->   Operation 72 'and' 'and_ln166_1' <Predicate = true> <Delay = 0.00> <Core = "LogicGate">   --->   Core 27 'LogicGate' <Latency = 0> <II = 1> <Delay = 0.28> <FuncUnit> <Opcode : 'and' 'or' 'xor'> <InPorts = 2> <OutPorts = 1>
ST_16 : Operation 73 [1/1] (0.28ns) (out node of the LUT)   --->   "%and_ln166_2 = and i1 %and_ln166_1, %and_ln166" [firmware/nnet_utils/nnet_conv2d_stream.h:166->firmware/nnet_utils/nnet_conv2d_stream.h:367]   --->   Operation 73 'and' 'and_ln166_2' <Predicate = true> <Delay = 0.28> <Core = "LogicGate">   --->   Core 27 'LogicGate' <Latency = 0> <II = 1> <Delay = 0.28> <FuncUnit> <Opcode : 'and' 'or' 'xor'> <InPorts = 2> <OutPorts = 1>
ST_16 : Operation 74 [1/1] (0.00ns)   --->   "br i1 %and_ln166_2, label %hls_label_3_begin, label %._crit_edge48.i" [firmware/nnet_utils/nnet_conv2d_stream.h:166->firmware/nnet_utils/nnet_conv2d_stream.h:367]   --->   Operation 74 'br' <Predicate = true> <Delay = 0.00>
ST_16 : Operation 75 [1/1] (0.00ns)   --->   "%tmp = call i32 (...)* @_ssdm_op_SpecRegionBegin([12 x i8]* @p_str10)" [firmware/nnet_utils/nnet_conv2d_stream.h:166->firmware/nnet_utils/nnet_conv2d_stream.h:367]   --->   Operation 75 'specregionbegin' 'tmp' <Predicate = (and_ln166_2)> <Delay = 0.00>
ST_16 : Operation 76 [1/1] (0.65ns)   --->   "br label %.preheader.i.i" [firmware/nnet_utils/nnet_dense_resource.h:291->firmware/nnet_utils/nnet_conv2d_stream.h:172->firmware/nnet_utils/nnet_conv2d_stream.h:367]   --->   Operation 76 'br' <Predicate = (and_ln166_2)> <Delay = 0.65>

State 17 <SV = 16> <Delay = 1.23>
ST_17 : Operation 77 [1/1] (0.00ns)   --->   "%layer_out_i_1 = phi i128 [ 0, %hls_label_3_begin ], [ %tmp_17, %hls_label_10 ]" [firmware/nnet_utils/nnet_dense_resource.h:299->firmware/nnet_utils/nnet_conv2d_stream.h:172->firmware/nnet_utils/nnet_conv2d_stream.h:367]   --->   Operation 77 'phi' 'layer_out_i_1' <Predicate = true> <Delay = 0.00>
ST_17 : Operation 78 [1/1] (0.00ns)   --->   "%i_in_0_i_i = phi i7 [ 0, %hls_label_3_begin ], [ %i_in, %hls_label_10 ]"   --->   Operation 78 'phi' 'i_in_0_i_i' <Predicate = true> <Delay = 0.00>
ST_17 : Operation 79 [1/1] (0.00ns)   --->   "%phi_mul = phi i15 [ 0, %hls_label_3_begin ], [ %add_ln293, %hls_label_10 ]" [firmware/nnet_utils/nnet_dense_resource.h:293->firmware/nnet_utils/nnet_conv2d_stream.h:172->firmware/nnet_utils/nnet_conv2d_stream.h:367]   --->   Operation 79 'phi' 'phi_mul' <Predicate = true> <Delay = 0.00>
ST_17 : Operation 80 [1/1] (0.00ns)   --->   "%phi_urem = phi i7 [ 0, %hls_label_3_begin ], [ %select_ln291, %hls_label_10 ]" [firmware/nnet_utils/nnet_dense_resource.h:291->firmware/nnet_utils/nnet_conv2d_stream.h:172->firmware/nnet_utils/nnet_conv2d_stream.h:367]   --->   Operation 80 'phi' 'phi_urem' <Predicate = true> <Delay = 0.00>
ST_17 : Operation 81 [1/1] (0.81ns)   --->   "%icmp_ln291 = icmp eq i7 %i_in_0_i_i, -56" [firmware/nnet_utils/nnet_dense_resource.h:291->firmware/nnet_utils/nnet_conv2d_stream.h:172->firmware/nnet_utils/nnet_conv2d_stream.h:367]   --->   Operation 81 'icmp' 'icmp_ln291' <Predicate = true> <Delay = 0.81> <Core = "Cmp">   --->   Core 25 'Cmp' <Latency = 0> <II = 1> <Delay = 0.99> <FuncUnit> <Opcode : 'icmp'> <InPorts = 2> <OutPorts = 1>
ST_17 : Operation 82 [1/1] (0.00ns)   --->   "%empty_18 = call i32 (...)* @_ssdm_op_SpecLoopTripCount(i64 72, i64 72, i64 72)"   --->   Operation 82 'speclooptripcount' 'empty_18' <Predicate = true> <Delay = 0.00>
ST_17 : Operation 83 [1/1] (0.77ns)   --->   "%i_in = add i7 %i_in_0_i_i, 1" [firmware/nnet_utils/nnet_dense_resource.h:291->firmware/nnet_utils/nnet_conv2d_stream.h:172->firmware/nnet_utils/nnet_conv2d_stream.h:367]   --->   Operation 83 'add' 'i_in' <Predicate = true> <Delay = 0.77> <Core = "AddSub">   --->   Core 14 'AddSub' <Latency = 0> <II = 1> <Delay = 1.01> <FuncUnit> <Opcode : 'add' 'sub'> <InPorts = 2> <OutPorts = 1>
ST_17 : Operation 84 [1/1] (0.00ns)   --->   "br i1 %icmp_ln291, label %hls_label_3_end, label %hls_label_10" [firmware/nnet_utils/nnet_dense_resource.h:291->firmware/nnet_utils/nnet_conv2d_stream.h:172->firmware/nnet_utils/nnet_conv2d_stream.h:367]   --->   Operation 84 'br' <Predicate = true> <Delay = 0.00>
ST_17 : Operation 85 [1/1] (0.77ns)   --->   "%add_ln291_1 = add i7 1, %phi_urem" [firmware/nnet_utils/nnet_dense_resource.h:291->firmware/nnet_utils/nnet_conv2d_stream.h:172->firmware/nnet_utils/nnet_conv2d_stream.h:367]   --->   Operation 85 'add' 'add_ln291_1' <Predicate = (!icmp_ln291)> <Delay = 0.77> <Core = "AddSub">   --->   Core 14 'AddSub' <Latency = 0> <II = 1> <Delay = 1.01> <FuncUnit> <Opcode : 'add' 'sub'> <InPorts = 2> <OutPorts = 1>
ST_17 : Operation 86 [1/1] (0.00ns)   --->   "%zext_ln293 = zext i7 %phi_urem to i64" [firmware/nnet_utils/nnet_dense_resource.h:293->firmware/nnet_utils/nnet_conv2d_stream.h:172->firmware/nnet_utils/nnet_conv2d_stream.h:367]   --->   Operation 86 'zext' 'zext_ln293' <Predicate = (!icmp_ln291)> <Delay = 0.00>
ST_17 : Operation 87 [1/1] (0.00ns)   --->   "%layer_in_V_addr = getelementptr [9 x i128]* @layer_in_V, i64 0, i64 %zext_ln293" [firmware/nnet_utils/nnet_dense_resource.h:293->firmware/nnet_utils/nnet_conv2d_stream.h:172->firmware/nnet_utils/nnet_conv2d_stream.h:367]   --->   Operation 87 'getelementptr' 'layer_in_V_addr' <Predicate = (!icmp_ln291)> <Delay = 0.00>
ST_17 : Operation 88 [2/2] (1.23ns)   --->   "%layer_in_V_load = load i128* %layer_in_V_addr, align 16" [firmware/nnet_utils/nnet_dense_resource.h:293->firmware/nnet_utils/nnet_conv2d_stream.h:172->firmware/nnet_utils/nnet_conv2d_stream.h:367]   --->   Operation 88 'load' 'layer_in_V_load' <Predicate = (!icmp_ln291)> <Delay = 1.23> <Core = "RAM">   --->   Core 37 'RAM' <Latency = 1> <II = 1> <Delay = 1.23> <Storage> <Opcode : 'load' 'store'> <Ports = 2> <Width = 128> <Depth = 72> <RAM>
ST_17 : Operation 89 [1/1] (0.00ns)   --->   "%tmp_18 = call i3 @_ssdm_op_PartSelect.i3.i15.i32.i32(i15 %phi_mul, i32 11, i32 13)" [firmware/nnet_utils/nnet_dense_resource.h:293->firmware/nnet_utils/nnet_conv2d_stream.h:172->firmware/nnet_utils/nnet_conv2d_stream.h:367]   --->   Operation 89 'partselect' 'tmp_18' <Predicate = (!icmp_ln291)> <Delay = 0.00>
ST_17 : Operation 90 [1/1] (0.00ns)   --->   "%zext_ln299 = zext i7 %i_in_0_i_i to i64" [firmware/nnet_utils/nnet_dense_resource.h:299->firmware/nnet_utils/nnet_conv2d_stream.h:172->firmware/nnet_utils/nnet_conv2d_stream.h:367]   --->   Operation 90 'zext' 'zext_ln299' <Predicate = (!icmp_ln291)> <Delay = 0.00>
ST_17 : Operation 91 [1/1] (0.00ns)   --->   "%weights_V_addr = getelementptr [72 x i128]* %weights_V, i64 0, i64 %zext_ln299" [firmware/nnet_utils/nnet_dense_resource.h:299->firmware/nnet_utils/nnet_conv2d_stream.h:172->firmware/nnet_utils/nnet_conv2d_stream.h:367]   --->   Operation 91 'getelementptr' 'weights_V_addr' <Predicate = (!icmp_ln291)> <Delay = 0.00>
ST_17 : Operation 92 [2/2] (1.23ns)   --->   "%weights_V_load = load i128* %weights_V_addr, align 8" [firmware/nnet_utils/nnet_dense_resource.h:299->firmware/nnet_utils/nnet_conv2d_stream.h:172->firmware/nnet_utils/nnet_conv2d_stream.h:367]   --->   Operation 92 'load' 'weights_V_load' <Predicate = (!icmp_ln291)> <Delay = 1.23> <Core = "RAM">   --->   Core 37 'RAM' <Latency = 1> <II = 1> <Delay = 1.23> <Storage> <Opcode : 'load' 'store'> <Ports = 2> <Width = 128> <Depth = 72> <RAM>

State 18 <SV = 17> <Delay = 2.75>
ST_18 : Operation 93 [1/2] (1.23ns)   --->   "%layer_in_V_load = load i128* %layer_in_V_addr, align 16" [firmware/nnet_utils/nnet_dense_resource.h:293->firmware/nnet_utils/nnet_conv2d_stream.h:172->firmware/nnet_utils/nnet_conv2d_stream.h:367]   --->   Operation 93 'load' 'layer_in_V_load' <Predicate = (!icmp_ln291)> <Delay = 1.23> <Core = "RAM">   --->   Core 37 'RAM' <Latency = 1> <II = 1> <Delay = 1.23> <Storage> <Opcode : 'load' 'store'> <Ports = 2> <Width = 128> <Depth = 72> <RAM>
ST_18 : Operation 94 [1/1] (0.00ns)   --->   "%tmp_19 = call i7 @_ssdm_op_BitConcatenate.i7.i3.i4(i3 %tmp_18, i4 0)" [firmware/nnet_utils/nnet_dense_resource.h:293->firmware/nnet_utils/nnet_conv2d_stream.h:172->firmware/nnet_utils/nnet_conv2d_stream.h:367]   --->   Operation 94 'bitconcatenate' 'tmp_19' <Predicate = (!icmp_ln291)> <Delay = 0.00>
ST_18 : Operation 95 [1/1] (0.00ns)   --->   "%empty_19 = or i7 %tmp_19, 15" [firmware/nnet_utils/nnet_dense_resource.h:293->firmware/nnet_utils/nnet_conv2d_stream.h:172->firmware/nnet_utils/nnet_conv2d_stream.h:367]   --->   Operation 95 'or' 'empty_19' <Predicate = (!icmp_ln291)> <Delay = 0.00>
ST_18 : Operation 96 [1/1] (0.81ns)   --->   "%icmp_ln293 = icmp ugt i7 %tmp_19, %empty_19" [firmware/nnet_utils/nnet_dense_resource.h:293->firmware/nnet_utils/nnet_conv2d_stream.h:172->firmware/nnet_utils/nnet_conv2d_stream.h:367]   --->   Operation 96 'icmp' 'icmp_ln293' <Predicate = (!icmp_ln291)> <Delay = 0.81> <Core = "Cmp">   --->   Core 25 'Cmp' <Latency = 0> <II = 1> <Delay = 0.99> <FuncUnit> <Opcode : 'icmp'> <InPorts = 2> <OutPorts = 1>
ST_18 : Operation 97 [1/1] (0.00ns)   --->   "%zext_ln293_1 = zext i7 %tmp_19 to i8" [firmware/nnet_utils/nnet_dense_resource.h:293->firmware/nnet_utils/nnet_conv2d_stream.h:172->firmware/nnet_utils/nnet_conv2d_stream.h:367]   --->   Operation 97 'zext' 'zext_ln293_1' <Predicate = (!icmp_ln291)> <Delay = 0.00>
ST_18 : Operation 98 [1/1] (0.00ns)   --->   "%zext_ln293_2 = zext i7 %empty_19 to i8" [firmware/nnet_utils/nnet_dense_resource.h:293->firmware/nnet_utils/nnet_conv2d_stream.h:172->firmware/nnet_utils/nnet_conv2d_stream.h:367]   --->   Operation 98 'zext' 'zext_ln293_2' <Predicate = (!icmp_ln291)> <Delay = 0.00>
ST_18 : Operation 99 [1/1] (0.00ns) (grouped into LUT with out node lshr_ln293)   --->   "%tmp_20 = call i128 @llvm.part.select.i128(i128 %layer_in_V_load, i32 127, i32 0)" [firmware/nnet_utils/nnet_dense_resource.h:293->firmware/nnet_utils/nnet_conv2d_stream.h:172->firmware/nnet_utils/nnet_conv2d_stream.h:367]   --->   Operation 99 'partselect' 'tmp_20' <Predicate = (!icmp_ln291)> <Delay = 0.00>
ST_18 : Operation 100 [1/1] (0.77ns)   --->   "%sub_ln293 = sub i8 %zext_ln293_1, %zext_ln293_2" [firmware/nnet_utils/nnet_dense_resource.h:293->firmware/nnet_utils/nnet_conv2d_stream.h:172->firmware/nnet_utils/nnet_conv2d_stream.h:367]   --->   Operation 100 'sub' 'sub_ln293' <Predicate = (!icmp_ln291)> <Delay = 0.77> <Core = "AddSub">   --->   Core 14 'AddSub' <Latency = 0> <II = 1> <Delay = 1.01> <FuncUnit> <Opcode : 'add' 'sub'> <InPorts = 2> <OutPorts = 1>
ST_18 : Operation 101 [1/1] (0.00ns) (grouped into LUT with out node lshr_ln293)   --->   "%xor_ln293 = xor i8 %zext_ln293_1, 127" [firmware/nnet_utils/nnet_dense_resource.h:293->firmware/nnet_utils/nnet_conv2d_stream.h:172->firmware/nnet_utils/nnet_conv2d_stream.h:367]   --->   Operation 101 'xor' 'xor_ln293' <Predicate = (!icmp_ln291)> <Delay = 0.00> <Core = "LogicGate">   --->   Core 27 'LogicGate' <Latency = 0> <II = 1> <Delay = 0.28> <FuncUnit> <Opcode : 'and' 'or' 'xor'> <InPorts = 2> <OutPorts = 1>
ST_18 : Operation 102 [1/1] (0.77ns)   --->   "%sub_ln293_1 = sub i8 %zext_ln293_2, %zext_ln293_1" [firmware/nnet_utils/nnet_dense_resource.h:293->firmware/nnet_utils/nnet_conv2d_stream.h:172->firmware/nnet_utils/nnet_conv2d_stream.h:367]   --->   Operation 102 'sub' 'sub_ln293_1' <Predicate = (!icmp_ln291)> <Delay = 0.77> <Core = "AddSub">   --->   Core 14 'AddSub' <Latency = 0> <II = 1> <Delay = 1.01> <FuncUnit> <Opcode : 'add' 'sub'> <InPorts = 2> <OutPorts = 1>
ST_18 : Operation 103 [1/1] (0.00ns) (grouped into LUT with out node sub_ln293_2)   --->   "%select_ln293 = select i1 %icmp_ln293, i8 %sub_ln293, i8 %sub_ln293_1" [firmware/nnet_utils/nnet_dense_resource.h:293->firmware/nnet_utils/nnet_conv2d_stream.h:172->firmware/nnet_utils/nnet_conv2d_stream.h:367]   --->   Operation 103 'select' 'select_ln293' <Predicate = (!icmp_ln291)> <Delay = 0.00> <Core = "Sel">   --->   Core 26 'Sel' <Latency = 0> <II = 1> <Delay = 0.44> <FuncUnit> <Opcode : 'select'> <InPorts = 3> <OutPorts = 1>
ST_18 : Operation 104 [1/1] (0.00ns) (grouped into LUT with out node lshr_ln293)   --->   "%select_ln293_1 = select i1 %icmp_ln293, i128 %tmp_20, i128 %layer_in_V_load" [firmware/nnet_utils/nnet_dense_resource.h:293->firmware/nnet_utils/nnet_conv2d_stream.h:172->firmware/nnet_utils/nnet_conv2d_stream.h:367]   --->   Operation 104 'select' 'select_ln293_1' <Predicate = (!icmp_ln291)> <Delay = 0.00> <Core = "Sel">   --->   Core 26 'Sel' <Latency = 0> <II = 1> <Delay = 0.44> <FuncUnit> <Opcode : 'select'> <InPorts = 3> <OutPorts = 1>
ST_18 : Operation 105 [1/1] (0.00ns) (grouped into LUT with out node lshr_ln293)   --->   "%select_ln293_2 = select i1 %icmp_ln293, i8 %xor_ln293, i8 %zext_ln293_1" [firmware/nnet_utils/nnet_dense_resource.h:293->firmware/nnet_utils/nnet_conv2d_stream.h:172->firmware/nnet_utils/nnet_conv2d_stream.h:367]   --->   Operation 105 'select' 'select_ln293_2' <Predicate = (!icmp_ln291)> <Delay = 0.00> <Core = "Sel">   --->   Core 26 'Sel' <Latency = 0> <II = 1> <Delay = 0.44> <FuncUnit> <Opcode : 'select'> <InPorts = 3> <OutPorts = 1>
ST_18 : Operation 106 [1/1] (0.76ns) (out node of the LUT)   --->   "%sub_ln293_2 = sub i8 127, %select_ln293" [firmware/nnet_utils/nnet_dense_resource.h:293->firmware/nnet_utils/nnet_conv2d_stream.h:172->firmware/nnet_utils/nnet_conv2d_stream.h:367]   --->   Operation 106 'sub' 'sub_ln293_2' <Predicate = (!icmp_ln291)> <Delay = 0.76> <Core = "AddSub">   --->   Core 14 'AddSub' <Latency = 0> <II = 1> <Delay = 1.01> <FuncUnit> <Opcode : 'add' 'sub'> <InPorts = 2> <OutPorts = 1>
ST_18 : Operation 107 [1/1] (0.00ns) (grouped into LUT with out node lshr_ln293)   --->   "%zext_ln293_3 = zext i8 %select_ln293_2 to i128" [firmware/nnet_utils/nnet_dense_resource.h:293->firmware/nnet_utils/nnet_conv2d_stream.h:172->firmware/nnet_utils/nnet_conv2d_stream.h:367]   --->   Operation 107 'zext' 'zext_ln293_3' <Predicate = (!icmp_ln291)> <Delay = 0.00>
ST_18 : Operation 108 [1/1] (1.51ns) (out node of the LUT)   --->   "%lshr_ln293 = lshr i128 %select_ln293_1, %zext_ln293_3" [firmware/nnet_utils/nnet_dense_resource.h:293->firmware/nnet_utils/nnet_conv2d_stream.h:172->firmware/nnet_utils/nnet_conv2d_stream.h:367]   --->   Operation 108 'lshr' 'lshr_ln293' <Predicate = (!icmp_ln291)> <Delay = 1.51> <Core = "Shift">   --->   Core 28 'Shift' <Latency = 0> <II = 1> <Delay = 0.74> <FuncUnit> <Opcode : 'shl' 'lshr' 'ashr'> <InPorts = 2> <OutPorts = 1>
ST_18 : Operation 109 [1/2] (1.23ns)   --->   "%weights_V_load = load i128* %weights_V_addr, align 8" [firmware/nnet_utils/nnet_dense_resource.h:299->firmware/nnet_utils/nnet_conv2d_stream.h:172->firmware/nnet_utils/nnet_conv2d_stream.h:367]   --->   Operation 109 'load' 'weights_V_load' <Predicate = (!icmp_ln291)> <Delay = 1.23> <Core = "RAM">   --->   Core 37 'RAM' <Latency = 1> <II = 1> <Delay = 1.23> <Storage> <Opcode : 'load' 'store'> <Ports = 2> <Width = 128> <Depth = 72> <RAM>
ST_18 : Operation 110 [1/1] (0.00ns)   --->   "%trunc_ln299 = trunc i128 %weights_V_load to i16" [firmware/nnet_utils/nnet_dense_resource.h:299->firmware/nnet_utils/nnet_conv2d_stream.h:172->firmware/nnet_utils/nnet_conv2d_stream.h:367]   --->   Operation 110 'trunc' 'trunc_ln299' <Predicate = (!icmp_ln291)> <Delay = 0.00>
ST_18 : Operation 111 [1/1] (0.00ns)   --->   "%tmp_3 = call i16 @_ssdm_op_PartSelect.i16.i128.i32.i32(i128 %weights_V_load, i32 16, i32 31)" [firmware/nnet_utils/nnet_dense_resource.h:299->firmware/nnet_utils/nnet_conv2d_stream.h:172->firmware/nnet_utils/nnet_conv2d_stream.h:367]   --->   Operation 111 'partselect' 'tmp_3' <Predicate = (!icmp_ln291)> <Delay = 0.00>
ST_18 : Operation 112 [1/1] (0.00ns)   --->   "%tmp_5 = call i16 @_ssdm_op_PartSelect.i16.i128.i32.i32(i128 %weights_V_load, i32 32, i32 47)" [firmware/nnet_utils/nnet_dense_resource.h:299->firmware/nnet_utils/nnet_conv2d_stream.h:172->firmware/nnet_utils/nnet_conv2d_stream.h:367]   --->   Operation 112 'partselect' 'tmp_5' <Predicate = (!icmp_ln291)> <Delay = 0.00>
ST_18 : Operation 113 [1/1] (0.00ns)   --->   "%tmp_7 = call i16 @_ssdm_op_PartSelect.i16.i128.i32.i32(i128 %weights_V_load, i32 48, i32 63)" [firmware/nnet_utils/nnet_dense_resource.h:299->firmware/nnet_utils/nnet_conv2d_stream.h:172->firmware/nnet_utils/nnet_conv2d_stream.h:367]   --->   Operation 113 'partselect' 'tmp_7' <Predicate = (!icmp_ln291)> <Delay = 0.00>
ST_18 : Operation 114 [1/1] (0.00ns)   --->   "%tmp_9 = call i16 @_ssdm_op_PartSelect.i16.i128.i32.i32(i128 %weights_V_load, i32 64, i32 79)" [firmware/nnet_utils/nnet_dense_resource.h:299->firmware/nnet_utils/nnet_conv2d_stream.h:172->firmware/nnet_utils/nnet_conv2d_stream.h:367]   --->   Operation 114 'partselect' 'tmp_9' <Predicate = (!icmp_ln291)> <Delay = 0.00>
ST_18 : Operation 115 [1/1] (0.00ns)   --->   "%tmp_11 = call i16 @_ssdm_op_PartSelect.i16.i128.i32.i32(i128 %weights_V_load, i32 80, i32 95)" [firmware/nnet_utils/nnet_dense_resource.h:299->firmware/nnet_utils/nnet_conv2d_stream.h:172->firmware/nnet_utils/nnet_conv2d_stream.h:367]   --->   Operation 115 'partselect' 'tmp_11' <Predicate = (!icmp_ln291)> <Delay = 0.00>
ST_18 : Operation 116 [1/1] (0.00ns)   --->   "%tmp_13 = call i16 @_ssdm_op_PartSelect.i16.i128.i32.i32(i128 %weights_V_load, i32 96, i32 111)" [firmware/nnet_utils/nnet_dense_resource.h:299->firmware/nnet_utils/nnet_conv2d_stream.h:172->firmware/nnet_utils/nnet_conv2d_stream.h:367]   --->   Operation 116 'partselect' 'tmp_13' <Predicate = (!icmp_ln291)> <Delay = 0.00>
ST_18 : Operation 117 [1/1] (0.00ns)   --->   "%tmp_15 = call i16 @_ssdm_op_PartSelect.i16.i128.i32.i32(i128 %weights_V_load, i32 112, i32 127)" [firmware/nnet_utils/nnet_dense_resource.h:299->firmware/nnet_utils/nnet_conv2d_stream.h:172->firmware/nnet_utils/nnet_conv2d_stream.h:367]   --->   Operation 117 'partselect' 'tmp_15' <Predicate = (!icmp_ln291)> <Delay = 0.00>

State 19 <SV = 18> <Delay = 4.12>
ST_19 : Operation 118 [1/1] (0.00ns) (grouped into LUT with out node and_ln293)   --->   "%zext_ln293_4 = zext i8 %sub_ln293_2 to i128" [firmware/nnet_utils/nnet_dense_resource.h:293->firmware/nnet_utils/nnet_conv2d_stream.h:172->firmware/nnet_utils/nnet_conv2d_stream.h:367]   --->   Operation 118 'zext' 'zext_ln293_4' <Predicate = (!icmp_ln291)> <Delay = 0.00>
ST_19 : Operation 119 [1/1] (0.00ns) (grouped into LUT with out node and_ln293)   --->   "%lshr_ln293_1 = lshr i128 -1, %zext_ln293_4" [firmware/nnet_utils/nnet_dense_resource.h:293->firmware/nnet_utils/nnet_conv2d_stream.h:172->firmware/nnet_utils/nnet_conv2d_stream.h:367]   --->   Operation 119 'lshr' 'lshr_ln293_1' <Predicate = (!icmp_ln291)> <Delay = 0.00> <Core = "Shift">   --->   Core 28 'Shift' <Latency = 0> <II = 1> <Delay = 0.74> <FuncUnit> <Opcode : 'shl' 'lshr' 'ashr'> <InPorts = 2> <OutPorts = 1>
ST_19 : Operation 120 [1/1] (0.74ns) (out node of the LUT)   --->   "%and_ln293 = and i128 %lshr_ln293, %lshr_ln293_1" [firmware/nnet_utils/nnet_dense_resource.h:293->firmware/nnet_utils/nnet_conv2d_stream.h:172->firmware/nnet_utils/nnet_conv2d_stream.h:367]   --->   Operation 120 'and' 'and_ln293' <Predicate = (!icmp_ln291)> <Delay = 0.74> <Core = "LogicGate">   --->   Core 27 'LogicGate' <Latency = 0> <II = 1> <Delay = 0.28> <FuncUnit> <Opcode : 'and' 'or' 'xor'> <InPorts = 2> <OutPorts = 1>
ST_19 : Operation 121 [1/1] (0.00ns)   --->   "%tmpt_V = trunc i128 %and_ln293 to i16" [firmware/nnet_utils/nnet_dense_resource.h:293->firmware/nnet_utils/nnet_conv2d_stream.h:172->firmware/nnet_utils/nnet_conv2d_stream.h:367]   --->   Operation 121 'trunc' 'tmpt_V' <Predicate = (!icmp_ln291)> <Delay = 0.00>
ST_19 : Operation 122 [1/1] (2.53ns)   --->   "%p_0 = call fastcc i16 @"product_dense<ap_fixed,ap_fixed,ap_fixed >"(i16 %tmpt_V, i16 %trunc_ln299)" [firmware/nnet_utils/nnet_dense_resource.h:299->firmware/nnet_utils/nnet_conv2d_stream.h:172->firmware/nnet_utils/nnet_conv2d_stream.h:367]   --->   Operation 122 'call' 'p_0' <Predicate = (!icmp_ln291)> <Delay = 2.53> <CoreType = "Generic">   --->   Core 0 '' <Latency = 0> <II = 1> <Delay = 1.00> <Generic> <Opcode : >
ST_19 : Operation 123 [1/1] (0.00ns)   --->   "%trunc_ln1265 = trunc i128 %layer_out_i_1 to i16" [firmware/nnet_utils/nnet_dense_resource.h:299->firmware/nnet_utils/nnet_conv2d_stream.h:172->firmware/nnet_utils/nnet_conv2d_stream.h:367]   --->   Operation 123 'trunc' 'trunc_ln1265' <Predicate = (!icmp_ln291)> <Delay = 0.00>
ST_19 : Operation 124 [1/1] (0.85ns)   --->   "%add_ln703 = add i16 %p_0, %trunc_ln1265" [firmware/nnet_utils/nnet_dense_resource.h:299->firmware/nnet_utils/nnet_conv2d_stream.h:172->firmware/nnet_utils/nnet_conv2d_stream.h:367]   --->   Operation 124 'add' 'add_ln703' <Predicate = (!icmp_ln291)> <Delay = 0.85> <Core = "AddSub">   --->   Core 14 'AddSub' <Latency = 0> <II = 1> <Delay = 1.01> <FuncUnit> <Opcode : 'add' 'sub'> <InPorts = 2> <OutPorts = 1>
ST_19 : Operation 125 [1/1] (0.00ns)   --->   "%tmp_4 = call i16 @_ssdm_op_PartSelect.i16.i128.i32.i32(i128 %layer_out_i_1, i32 16, i32 31)" [firmware/nnet_utils/nnet_dense_resource.h:299->firmware/nnet_utils/nnet_conv2d_stream.h:172->firmware/nnet_utils/nnet_conv2d_stream.h:367]   --->   Operation 125 'partselect' 'tmp_4' <Predicate = (!icmp_ln291)> <Delay = 0.00>
ST_19 : Operation 126 [1/1] (0.00ns)   --->   "%tmp_6 = call i16 @_ssdm_op_PartSelect.i16.i128.i32.i32(i128 %layer_out_i_1, i32 32, i32 47)" [firmware/nnet_utils/nnet_dense_resource.h:299->firmware/nnet_utils/nnet_conv2d_stream.h:172->firmware/nnet_utils/nnet_conv2d_stream.h:367]   --->   Operation 126 'partselect' 'tmp_6' <Predicate = (!icmp_ln291)> <Delay = 0.00>
ST_19 : Operation 127 [1/1] (0.00ns)   --->   "%tmp_8 = call i16 @_ssdm_op_PartSelect.i16.i128.i32.i32(i128 %layer_out_i_1, i32 48, i32 63)" [firmware/nnet_utils/nnet_dense_resource.h:299->firmware/nnet_utils/nnet_conv2d_stream.h:172->firmware/nnet_utils/nnet_conv2d_stream.h:367]   --->   Operation 127 'partselect' 'tmp_8' <Predicate = (!icmp_ln291)> <Delay = 0.00>
ST_19 : Operation 128 [1/1] (0.00ns)   --->   "%tmp_10 = call i16 @_ssdm_op_PartSelect.i16.i128.i32.i32(i128 %layer_out_i_1, i32 64, i32 79)" [firmware/nnet_utils/nnet_dense_resource.h:299->firmware/nnet_utils/nnet_conv2d_stream.h:172->firmware/nnet_utils/nnet_conv2d_stream.h:367]   --->   Operation 128 'partselect' 'tmp_10' <Predicate = (!icmp_ln291)> <Delay = 0.00>
ST_19 : Operation 129 [1/1] (0.00ns)   --->   "%tmp_12 = call i16 @_ssdm_op_PartSelect.i16.i128.i32.i32(i128 %layer_out_i_1, i32 80, i32 95)" [firmware/nnet_utils/nnet_dense_resource.h:299->firmware/nnet_utils/nnet_conv2d_stream.h:172->firmware/nnet_utils/nnet_conv2d_stream.h:367]   --->   Operation 129 'partselect' 'tmp_12' <Predicate = (!icmp_ln291)> <Delay = 0.00>
ST_19 : Operation 130 [1/1] (0.00ns)   --->   "%tmp_14 = call i16 @_ssdm_op_PartSelect.i16.i128.i32.i32(i128 %layer_out_i_1, i32 96, i32 111)" [firmware/nnet_utils/nnet_dense_resource.h:299->firmware/nnet_utils/nnet_conv2d_stream.h:172->firmware/nnet_utils/nnet_conv2d_stream.h:367]   --->   Operation 130 'partselect' 'tmp_14' <Predicate = (!icmp_ln291)> <Delay = 0.00>
ST_19 : Operation 131 [1/1] (0.00ns)   --->   "%tmp_16 = call i16 @_ssdm_op_PartSelect.i16.i128.i32.i32(i128 %layer_out_i_1, i32 112, i32 127)" [firmware/nnet_utils/nnet_dense_resource.h:299->firmware/nnet_utils/nnet_conv2d_stream.h:172->firmware/nnet_utils/nnet_conv2d_stream.h:367]   --->   Operation 131 'partselect' 'tmp_16' <Predicate = (!icmp_ln291)> <Delay = 0.00>

State 20 <SV = 19> <Delay = 3.38>
ST_20 : Operation 132 [1/1] (2.53ns)   --->   "%p_0_1 = call fastcc i16 @"product_dense<ap_fixed,ap_fixed,ap_fixed >"(i16 %tmpt_V, i16 %tmp_3)" [firmware/nnet_utils/nnet_dense_resource.h:299->firmware/nnet_utils/nnet_conv2d_stream.h:172->firmware/nnet_utils/nnet_conv2d_stream.h:367]   --->   Operation 132 'call' 'p_0_1' <Predicate = (!icmp_ln291)> <Delay = 2.53> <CoreType = "Generic">   --->   Core 0 '' <Latency = 0> <II = 1> <Delay = 1.00> <Generic> <Opcode : >
ST_20 : Operation 133 [1/1] (0.85ns)   --->   "%add_ln703_1 = add i16 %p_0_1, %tmp_4" [firmware/nnet_utils/nnet_dense_resource.h:299->firmware/nnet_utils/nnet_conv2d_stream.h:172->firmware/nnet_utils/nnet_conv2d_stream.h:367]   --->   Operation 133 'add' 'add_ln703_1' <Predicate = (!icmp_ln291)> <Delay = 0.85> <Core = "AddSub">   --->   Core 14 'AddSub' <Latency = 0> <II = 1> <Delay = 1.01> <FuncUnit> <Opcode : 'add' 'sub'> <InPorts = 2> <OutPorts = 1>

State 21 <SV = 20> <Delay = 3.38>
ST_21 : Operation 134 [1/1] (2.53ns)   --->   "%p_0_2 = call fastcc i16 @"product_dense<ap_fixed,ap_fixed,ap_fixed >"(i16 %tmpt_V, i16 %tmp_5)" [firmware/nnet_utils/nnet_dense_resource.h:299->firmware/nnet_utils/nnet_conv2d_stream.h:172->firmware/nnet_utils/nnet_conv2d_stream.h:367]   --->   Operation 134 'call' 'p_0_2' <Predicate = (!icmp_ln291)> <Delay = 2.53> <CoreType = "Generic">   --->   Core 0 '' <Latency = 0> <II = 1> <Delay = 1.00> <Generic> <Opcode : >
ST_21 : Operation 135 [1/1] (0.85ns)   --->   "%add_ln703_2 = add i16 %p_0_2, %tmp_6" [firmware/nnet_utils/nnet_dense_resource.h:299->firmware/nnet_utils/nnet_conv2d_stream.h:172->firmware/nnet_utils/nnet_conv2d_stream.h:367]   --->   Operation 135 'add' 'add_ln703_2' <Predicate = (!icmp_ln291)> <Delay = 0.85> <Core = "AddSub">   --->   Core 14 'AddSub' <Latency = 0> <II = 1> <Delay = 1.01> <FuncUnit> <Opcode : 'add' 'sub'> <InPorts = 2> <OutPorts = 1>

State 22 <SV = 21> <Delay = 3.38>
ST_22 : Operation 136 [1/1] (2.53ns)   --->   "%p_0_3 = call fastcc i16 @"product_dense<ap_fixed,ap_fixed,ap_fixed >"(i16 %tmpt_V, i16 %tmp_7)" [firmware/nnet_utils/nnet_dense_resource.h:299->firmware/nnet_utils/nnet_conv2d_stream.h:172->firmware/nnet_utils/nnet_conv2d_stream.h:367]   --->   Operation 136 'call' 'p_0_3' <Predicate = (!icmp_ln291)> <Delay = 2.53> <CoreType = "Generic">   --->   Core 0 '' <Latency = 0> <II = 1> <Delay = 1.00> <Generic> <Opcode : >
ST_22 : Operation 137 [1/1] (0.85ns)   --->   "%add_ln703_3 = add i16 %p_0_3, %tmp_8" [firmware/nnet_utils/nnet_dense_resource.h:299->firmware/nnet_utils/nnet_conv2d_stream.h:172->firmware/nnet_utils/nnet_conv2d_stream.h:367]   --->   Operation 137 'add' 'add_ln703_3' <Predicate = (!icmp_ln291)> <Delay = 0.85> <Core = "AddSub">   --->   Core 14 'AddSub' <Latency = 0> <II = 1> <Delay = 1.01> <FuncUnit> <Opcode : 'add' 'sub'> <InPorts = 2> <OutPorts = 1>

State 23 <SV = 22> <Delay = 3.38>
ST_23 : Operation 138 [1/1] (2.53ns)   --->   "%p_0_4 = call fastcc i16 @"product_dense<ap_fixed,ap_fixed,ap_fixed >"(i16 %tmpt_V, i16 %tmp_9)" [firmware/nnet_utils/nnet_dense_resource.h:299->firmware/nnet_utils/nnet_conv2d_stream.h:172->firmware/nnet_utils/nnet_conv2d_stream.h:367]   --->   Operation 138 'call' 'p_0_4' <Predicate = (!icmp_ln291)> <Delay = 2.53> <CoreType = "Generic">   --->   Core 0 '' <Latency = 0> <II = 1> <Delay = 1.00> <Generic> <Opcode : >
ST_23 : Operation 139 [1/1] (0.85ns)   --->   "%add_ln703_4 = add i16 %p_0_4, %tmp_10" [firmware/nnet_utils/nnet_dense_resource.h:299->firmware/nnet_utils/nnet_conv2d_stream.h:172->firmware/nnet_utils/nnet_conv2d_stream.h:367]   --->   Operation 139 'add' 'add_ln703_4' <Predicate = (!icmp_ln291)> <Delay = 0.85> <Core = "AddSub">   --->   Core 14 'AddSub' <Latency = 0> <II = 1> <Delay = 1.01> <FuncUnit> <Opcode : 'add' 'sub'> <InPorts = 2> <OutPorts = 1>

State 24 <SV = 23> <Delay = 3.38>
ST_24 : Operation 140 [1/1] (0.81ns)   --->   "%icmp_ln291_1 = icmp ult i7 %add_ln291_1, 9" [firmware/nnet_utils/nnet_dense_resource.h:291->firmware/nnet_utils/nnet_conv2d_stream.h:172->firmware/nnet_utils/nnet_conv2d_stream.h:367]   --->   Operation 140 'icmp' 'icmp_ln291_1' <Predicate = (!icmp_ln291)> <Delay = 0.81> <Core = "Cmp">   --->   Core 25 'Cmp' <Latency = 0> <II = 1> <Delay = 0.99> <FuncUnit> <Opcode : 'icmp'> <InPorts = 2> <OutPorts = 1>
ST_24 : Operation 141 [1/1] (0.36ns)   --->   "%select_ln291 = select i1 %icmp_ln291_1, i7 %add_ln291_1, i7 0" [firmware/nnet_utils/nnet_dense_resource.h:291->firmware/nnet_utils/nnet_conv2d_stream.h:172->firmware/nnet_utils/nnet_conv2d_stream.h:367]   --->   Operation 141 'select' 'select_ln291' <Predicate = (!icmp_ln291)> <Delay = 0.36> <Core = "Sel">   --->   Core 26 'Sel' <Latency = 0> <II = 1> <Delay = 0.44> <FuncUnit> <Opcode : 'select'> <InPorts = 3> <OutPorts = 1>
ST_24 : Operation 142 [1/1] (0.84ns)   --->   "%add_ln293 = add i15 228, %phi_mul" [firmware/nnet_utils/nnet_dense_resource.h:293->firmware/nnet_utils/nnet_conv2d_stream.h:172->firmware/nnet_utils/nnet_conv2d_stream.h:367]   --->   Operation 142 'add' 'add_ln293' <Predicate = (!icmp_ln291)> <Delay = 0.84> <Core = "AddSub">   --->   Core 14 'AddSub' <Latency = 0> <II = 1> <Delay = 1.01> <FuncUnit> <Opcode : 'add' 'sub'> <InPorts = 2> <OutPorts = 1>
ST_24 : Operation 143 [1/1] (2.53ns)   --->   "%p_0_5 = call fastcc i16 @"product_dense<ap_fixed,ap_fixed,ap_fixed >"(i16 %tmpt_V, i16 %tmp_11)" [firmware/nnet_utils/nnet_dense_resource.h:299->firmware/nnet_utils/nnet_conv2d_stream.h:172->firmware/nnet_utils/nnet_conv2d_stream.h:367]   --->   Operation 143 'call' 'p_0_5' <Predicate = (!icmp_ln291)> <Delay = 2.53> <CoreType = "Generic">   --->   Core 0 '' <Latency = 0> <II = 1> <Delay = 1.00> <Generic> <Opcode : >
ST_24 : Operation 144 [1/1] (0.85ns)   --->   "%add_ln703_5 = add i16 %p_0_5, %tmp_12" [firmware/nnet_utils/nnet_dense_resource.h:299->firmware/nnet_utils/nnet_conv2d_stream.h:172->firmware/nnet_utils/nnet_conv2d_stream.h:367]   --->   Operation 144 'add' 'add_ln703_5' <Predicate = (!icmp_ln291)> <Delay = 0.85> <Core = "AddSub">   --->   Core 14 'AddSub' <Latency = 0> <II = 1> <Delay = 1.01> <FuncUnit> <Opcode : 'add' 'sub'> <InPorts = 2> <OutPorts = 1>

State 25 <SV = 24> <Delay = 3.38>
ST_25 : Operation 145 [1/1] (2.53ns)   --->   "%p_0_6 = call fastcc i16 @"product_dense<ap_fixed,ap_fixed,ap_fixed >"(i16 %tmpt_V, i16 %tmp_13)" [firmware/nnet_utils/nnet_dense_resource.h:299->firmware/nnet_utils/nnet_conv2d_stream.h:172->firmware/nnet_utils/nnet_conv2d_stream.h:367]   --->   Operation 145 'call' 'p_0_6' <Predicate = (!icmp_ln291)> <Delay = 2.53> <CoreType = "Generic">   --->   Core 0 '' <Latency = 0> <II = 1> <Delay = 1.00> <Generic> <Opcode : >
ST_25 : Operation 146 [1/1] (0.85ns)   --->   "%add_ln703_6 = add i16 %p_0_6, %tmp_14" [firmware/nnet_utils/nnet_dense_resource.h:299->firmware/nnet_utils/nnet_conv2d_stream.h:172->firmware/nnet_utils/nnet_conv2d_stream.h:367]   --->   Operation 146 'add' 'add_ln703_6' <Predicate = (!icmp_ln291)> <Delay = 0.85> <Core = "AddSub">   --->   Core 14 'AddSub' <Latency = 0> <II = 1> <Delay = 1.01> <FuncUnit> <Opcode : 'add' 'sub'> <InPorts = 2> <OutPorts = 1>

State 26 <SV = 25> <Delay = 3.38>
ST_26 : Operation 147 [1/1] (0.00ns)   --->   "%tmp_s = call i32 (...)* @_ssdm_op_SpecRegionBegin([13 x i8]* @p_str15)" [firmware/nnet_utils/nnet_dense_resource.h:291->firmware/nnet_utils/nnet_conv2d_stream.h:172->firmware/nnet_utils/nnet_conv2d_stream.h:367]   --->   Operation 147 'specregionbegin' 'tmp_s' <Predicate = (!icmp_ln291)> <Delay = 0.00>
ST_26 : Operation 148 [1/1] (0.00ns)   --->   "call void (...)* @_ssdm_op_SpecPipeline(i32 8, i32 1, i32 1, i32 0, [1 x i8]* @p_str4) nounwind" [firmware/nnet_utils/nnet_dense_resource.h:292->firmware/nnet_utils/nnet_conv2d_stream.h:172->firmware/nnet_utils/nnet_conv2d_stream.h:367]   --->   Operation 148 'specpipeline' <Predicate = (!icmp_ln291)> <Delay = 0.00>
ST_26 : Operation 149 [1/1] (2.53ns)   --->   "%p_0_7 = call fastcc i16 @"product_dense<ap_fixed,ap_fixed,ap_fixed >"(i16 %tmpt_V, i16 %tmp_15)" [firmware/nnet_utils/nnet_dense_resource.h:299->firmware/nnet_utils/nnet_conv2d_stream.h:172->firmware/nnet_utils/nnet_conv2d_stream.h:367]   --->   Operation 149 'call' 'p_0_7' <Predicate = (!icmp_ln291)> <Delay = 2.53> <CoreType = "Generic">   --->   Core 0 '' <Latency = 0> <II = 1> <Delay = 1.00> <Generic> <Opcode : >
ST_26 : Operation 150 [1/1] (0.85ns)   --->   "%add_ln703_7 = add i16 %p_0_7, %tmp_16" [firmware/nnet_utils/nnet_dense_resource.h:299->firmware/nnet_utils/nnet_conv2d_stream.h:172->firmware/nnet_utils/nnet_conv2d_stream.h:367]   --->   Operation 150 'add' 'add_ln703_7' <Predicate = (!icmp_ln291)> <Delay = 0.85> <Core = "AddSub">   --->   Core 14 'AddSub' <Latency = 0> <II = 1> <Delay = 1.01> <FuncUnit> <Opcode : 'add' 'sub'> <InPorts = 2> <OutPorts = 1>
ST_26 : Operation 151 [1/1] (0.00ns)   --->   "%tmp_17 = call i128 @_ssdm_op_BitConcatenate.i128.i16.i16.i16.i16.i16.i16.i16.i16(i16 %add_ln703_7, i16 %add_ln703_6, i16 %add_ln703_5, i16 %add_ln703_4, i16 %add_ln703_3, i16 %add_ln703_2, i16 %add_ln703_1, i16 %add_ln703)" [firmware/nnet_utils/nnet_dense_resource.h:299->firmware/nnet_utils/nnet_conv2d_stream.h:172->firmware/nnet_utils/nnet_conv2d_stream.h:367]   --->   Operation 151 'bitconcatenate' 'tmp_17' <Predicate = (!icmp_ln291)> <Delay = 0.00>
ST_26 : Operation 152 [1/1] (0.00ns)   --->   "%empty_20 = call i32 (...)* @_ssdm_op_SpecRegionEnd([13 x i8]* @p_str15, i32 %tmp_s)" [firmware/nnet_utils/nnet_dense_resource.h:302->firmware/nnet_utils/nnet_conv2d_stream.h:172->firmware/nnet_utils/nnet_conv2d_stream.h:367]   --->   Operation 152 'specregionend' 'empty_20' <Predicate = (!icmp_ln291)> <Delay = 0.00>
ST_26 : Operation 153 [1/1] (0.00ns)   --->   "br label %.preheader.i.i" [firmware/nnet_utils/nnet_dense_resource.h:291->firmware/nnet_utils/nnet_conv2d_stream.h:172->firmware/nnet_utils/nnet_conv2d_stream.h:367]   --->   Operation 153 'br' <Predicate = (!icmp_ln291)> <Delay = 0.00>

State 27 <SV = 17> <Delay = 0.00>
ST_27 : Operation 154 [1/1] (0.00ns)   --->   "%tmp_V_15 = trunc i128 %layer_out_i_1 to i16" [firmware/nnet_utils/nnet_conv2d_stream.h:180->firmware/nnet_utils/nnet_conv2d_stream.h:367]   --->   Operation 154 'trunc' 'tmp_V_15' <Predicate = true> <Delay = 0.00>
ST_27 : Operation 155 [2/2] (0.00ns)   --->   "call void @_ssdm_op_Write.axis.volatile.i16P(i16* %res_V_V, i16 %tmp_V_15)" [firmware/nnet_utils/nnet_conv2d_stream.h:181->firmware/nnet_utils/nnet_conv2d_stream.h:367]   --->   Operation 155 'write' <Predicate = true> <Delay = 0.00> <Core = "AXI4Stream">   --->   Core 5 'AXI4Stream' <Latency = 0> <II = 1> <Delay = 1.00> <Adapter> <Opcode : >

State 28 <SV = 18> <Delay = 0.00>
ST_28 : Operation 156 [1/2] (0.00ns)   --->   "call void @_ssdm_op_Write.axis.volatile.i16P(i16* %res_V_V, i16 %tmp_V_15)" [firmware/nnet_utils/nnet_conv2d_stream.h:181->firmware/nnet_utils/nnet_conv2d_stream.h:367]   --->   Operation 156 'write' <Predicate = true> <Delay = 0.00> <Core = "AXI4Stream">   --->   Core 5 'AXI4Stream' <Latency = 0> <II = 1> <Delay = 1.00> <Adapter> <Opcode : >
ST_28 : Operation 157 [1/1] (0.00ns)   --->   "%tmp_V_16 = call i16 @_ssdm_op_PartSelect.i16.i128.i32.i32(i128 %layer_out_i_1, i32 16, i32 31)" [firmware/nnet_utils/nnet_conv2d_stream.h:180->firmware/nnet_utils/nnet_conv2d_stream.h:367]   --->   Operation 157 'partselect' 'tmp_V_16' <Predicate = true> <Delay = 0.00>
ST_28 : Operation 158 [2/2] (0.00ns)   --->   "call void @_ssdm_op_Write.axis.volatile.i16P(i16* %res_V_V, i16 %tmp_V_16)" [firmware/nnet_utils/nnet_conv2d_stream.h:181->firmware/nnet_utils/nnet_conv2d_stream.h:367]   --->   Operation 158 'write' <Predicate = true> <Delay = 0.00> <Core = "AXI4Stream">   --->   Core 5 'AXI4Stream' <Latency = 0> <II = 1> <Delay = 1.00> <Adapter> <Opcode : >
ST_28 : Operation 159 [1/1] (0.00ns)   --->   "%tmp_V_17 = call i16 @_ssdm_op_PartSelect.i16.i128.i32.i32(i128 %layer_out_i_1, i32 32, i32 47)" [firmware/nnet_utils/nnet_conv2d_stream.h:180->firmware/nnet_utils/nnet_conv2d_stream.h:367]   --->   Operation 159 'partselect' 'tmp_V_17' <Predicate = true> <Delay = 0.00>
ST_28 : Operation 160 [1/1] (0.00ns)   --->   "%tmp_V_18 = call i16 @_ssdm_op_PartSelect.i16.i128.i32.i32(i128 %layer_out_i_1, i32 48, i32 63)" [firmware/nnet_utils/nnet_conv2d_stream.h:180->firmware/nnet_utils/nnet_conv2d_stream.h:367]   --->   Operation 160 'partselect' 'tmp_V_18' <Predicate = true> <Delay = 0.00>
ST_28 : Operation 161 [1/1] (0.00ns)   --->   "%tmp_V_19 = call i16 @_ssdm_op_PartSelect.i16.i128.i32.i32(i128 %layer_out_i_1, i32 64, i32 79)" [firmware/nnet_utils/nnet_conv2d_stream.h:180->firmware/nnet_utils/nnet_conv2d_stream.h:367]   --->   Operation 161 'partselect' 'tmp_V_19' <Predicate = true> <Delay = 0.00>
ST_28 : Operation 162 [1/1] (0.00ns)   --->   "%tmp_V_20 = call i16 @_ssdm_op_PartSelect.i16.i128.i32.i32(i128 %layer_out_i_1, i32 80, i32 95)" [firmware/nnet_utils/nnet_conv2d_stream.h:180->firmware/nnet_utils/nnet_conv2d_stream.h:367]   --->   Operation 162 'partselect' 'tmp_V_20' <Predicate = true> <Delay = 0.00>
ST_28 : Operation 163 [1/1] (0.00ns)   --->   "%tmp_V_21 = call i16 @_ssdm_op_PartSelect.i16.i128.i32.i32(i128 %layer_out_i_1, i32 96, i32 111)" [firmware/nnet_utils/nnet_conv2d_stream.h:180->firmware/nnet_utils/nnet_conv2d_stream.h:367]   --->   Operation 163 'partselect' 'tmp_V_21' <Predicate = true> <Delay = 0.00>
ST_28 : Operation 164 [1/1] (0.00ns)   --->   "%tmp_V_22 = call i16 @_ssdm_op_PartSelect.i16.i128.i32.i32(i128 %layer_out_i_1, i32 112, i32 127)" [firmware/nnet_utils/nnet_conv2d_stream.h:180->firmware/nnet_utils/nnet_conv2d_stream.h:367]   --->   Operation 164 'partselect' 'tmp_V_22' <Predicate = true> <Delay = 0.00>

State 29 <SV = 19> <Delay = 0.00>
ST_29 : Operation 165 [1/2] (0.00ns)   --->   "call void @_ssdm_op_Write.axis.volatile.i16P(i16* %res_V_V, i16 %tmp_V_16)" [firmware/nnet_utils/nnet_conv2d_stream.h:181->firmware/nnet_utils/nnet_conv2d_stream.h:367]   --->   Operation 165 'write' <Predicate = true> <Delay = 0.00> <Core = "AXI4Stream">   --->   Core 5 'AXI4Stream' <Latency = 0> <II = 1> <Delay = 1.00> <Adapter> <Opcode : >
ST_29 : Operation 166 [2/2] (0.00ns)   --->   "call void @_ssdm_op_Write.axis.volatile.i16P(i16* %res_V_V, i16 %tmp_V_17)" [firmware/nnet_utils/nnet_conv2d_stream.h:181->firmware/nnet_utils/nnet_conv2d_stream.h:367]   --->   Operation 166 'write' <Predicate = true> <Delay = 0.00> <Core = "AXI4Stream">   --->   Core 5 'AXI4Stream' <Latency = 0> <II = 1> <Delay = 1.00> <Adapter> <Opcode : >

State 30 <SV = 20> <Delay = 0.00>
ST_30 : Operation 167 [1/2] (0.00ns)   --->   "call void @_ssdm_op_Write.axis.volatile.i16P(i16* %res_V_V, i16 %tmp_V_17)" [firmware/nnet_utils/nnet_conv2d_stream.h:181->firmware/nnet_utils/nnet_conv2d_stream.h:367]   --->   Operation 167 'write' <Predicate = true> <Delay = 0.00> <Core = "AXI4Stream">   --->   Core 5 'AXI4Stream' <Latency = 0> <II = 1> <Delay = 1.00> <Adapter> <Opcode : >
ST_30 : Operation 168 [2/2] (0.00ns)   --->   "call void @_ssdm_op_Write.axis.volatile.i16P(i16* %res_V_V, i16 %tmp_V_18)" [firmware/nnet_utils/nnet_conv2d_stream.h:181->firmware/nnet_utils/nnet_conv2d_stream.h:367]   --->   Operation 168 'write' <Predicate = true> <Delay = 0.00> <Core = "AXI4Stream">   --->   Core 5 'AXI4Stream' <Latency = 0> <II = 1> <Delay = 1.00> <Adapter> <Opcode : >

State 31 <SV = 21> <Delay = 0.00>
ST_31 : Operation 169 [1/2] (0.00ns)   --->   "call void @_ssdm_op_Write.axis.volatile.i16P(i16* %res_V_V, i16 %tmp_V_18)" [firmware/nnet_utils/nnet_conv2d_stream.h:181->firmware/nnet_utils/nnet_conv2d_stream.h:367]   --->   Operation 169 'write' <Predicate = true> <Delay = 0.00> <Core = "AXI4Stream">   --->   Core 5 'AXI4Stream' <Latency = 0> <II = 1> <Delay = 1.00> <Adapter> <Opcode : >
ST_31 : Operation 170 [2/2] (0.00ns)   --->   "call void @_ssdm_op_Write.axis.volatile.i16P(i16* %res_V_V, i16 %tmp_V_19)" [firmware/nnet_utils/nnet_conv2d_stream.h:181->firmware/nnet_utils/nnet_conv2d_stream.h:367]   --->   Operation 170 'write' <Predicate = true> <Delay = 0.00> <Core = "AXI4Stream">   --->   Core 5 'AXI4Stream' <Latency = 0> <II = 1> <Delay = 1.00> <Adapter> <Opcode : >

State 32 <SV = 22> <Delay = 0.00>
ST_32 : Operation 171 [1/2] (0.00ns)   --->   "call void @_ssdm_op_Write.axis.volatile.i16P(i16* %res_V_V, i16 %tmp_V_19)" [firmware/nnet_utils/nnet_conv2d_stream.h:181->firmware/nnet_utils/nnet_conv2d_stream.h:367]   --->   Operation 171 'write' <Predicate = true> <Delay = 0.00> <Core = "AXI4Stream">   --->   Core 5 'AXI4Stream' <Latency = 0> <II = 1> <Delay = 1.00> <Adapter> <Opcode : >
ST_32 : Operation 172 [2/2] (0.00ns)   --->   "call void @_ssdm_op_Write.axis.volatile.i16P(i16* %res_V_V, i16 %tmp_V_20)" [firmware/nnet_utils/nnet_conv2d_stream.h:181->firmware/nnet_utils/nnet_conv2d_stream.h:367]   --->   Operation 172 'write' <Predicate = true> <Delay = 0.00> <Core = "AXI4Stream">   --->   Core 5 'AXI4Stream' <Latency = 0> <II = 1> <Delay = 1.00> <Adapter> <Opcode : >

State 33 <SV = 23> <Delay = 0.00>
ST_33 : Operation 173 [1/2] (0.00ns)   --->   "call void @_ssdm_op_Write.axis.volatile.i16P(i16* %res_V_V, i16 %tmp_V_20)" [firmware/nnet_utils/nnet_conv2d_stream.h:181->firmware/nnet_utils/nnet_conv2d_stream.h:367]   --->   Operation 173 'write' <Predicate = true> <Delay = 0.00> <Core = "AXI4Stream">   --->   Core 5 'AXI4Stream' <Latency = 0> <II = 1> <Delay = 1.00> <Adapter> <Opcode : >
ST_33 : Operation 174 [2/2] (0.00ns)   --->   "call void @_ssdm_op_Write.axis.volatile.i16P(i16* %res_V_V, i16 %tmp_V_21)" [firmware/nnet_utils/nnet_conv2d_stream.h:181->firmware/nnet_utils/nnet_conv2d_stream.h:367]   --->   Operation 174 'write' <Predicate = true> <Delay = 0.00> <Core = "AXI4Stream">   --->   Core 5 'AXI4Stream' <Latency = 0> <II = 1> <Delay = 1.00> <Adapter> <Opcode : >

State 34 <SV = 24> <Delay = 0.00>
ST_34 : Operation 175 [1/2] (0.00ns)   --->   "call void @_ssdm_op_Write.axis.volatile.i16P(i16* %res_V_V, i16 %tmp_V_21)" [firmware/nnet_utils/nnet_conv2d_stream.h:181->firmware/nnet_utils/nnet_conv2d_stream.h:367]   --->   Operation 175 'write' <Predicate = true> <Delay = 0.00> <Core = "AXI4Stream">   --->   Core 5 'AXI4Stream' <Latency = 0> <II = 1> <Delay = 1.00> <Adapter> <Opcode : >
ST_34 : Operation 176 [2/2] (0.00ns)   --->   "call void @_ssdm_op_Write.axis.volatile.i16P(i16* %res_V_V, i16 %tmp_V_22)" [firmware/nnet_utils/nnet_conv2d_stream.h:181->firmware/nnet_utils/nnet_conv2d_stream.h:367]   --->   Operation 176 'write' <Predicate = true> <Delay = 0.00> <Core = "AXI4Stream">   --->   Core 5 'AXI4Stream' <Latency = 0> <II = 1> <Delay = 1.00> <Adapter> <Opcode : >

State 35 <SV = 25> <Delay = 2.12>
ST_35 : Operation 177 [1/2] (0.00ns)   --->   "call void @_ssdm_op_Write.axis.volatile.i16P(i16* %res_V_V, i16 %tmp_V_22)" [firmware/nnet_utils/nnet_conv2d_stream.h:181->firmware/nnet_utils/nnet_conv2d_stream.h:367]   --->   Operation 177 'write' <Predicate = (and_ln166_2)> <Delay = 0.00> <Core = "AXI4Stream">   --->   Core 5 'AXI4Stream' <Latency = 0> <II = 1> <Delay = 1.00> <Adapter> <Opcode : >
ST_35 : Operation 178 [1/1] (0.00ns)   --->   "%empty_21 = call i32 (...)* @_ssdm_op_SpecRegionEnd([12 x i8]* @p_str10, i32 %tmp)" [firmware/nnet_utils/nnet_conv2d_stream.h:184->firmware/nnet_utils/nnet_conv2d_stream.h:367]   --->   Operation 178 'specregionend' 'empty_21' <Predicate = (and_ln166_2)> <Delay = 0.00>
ST_35 : Operation 179 [1/1] (0.00ns)   --->   "br label %._crit_edge48.i" [firmware/nnet_utils/nnet_conv2d_stream.h:184->firmware/nnet_utils/nnet_conv2d_stream.h:367]   --->   Operation 179 'br' <Predicate = (and_ln166_2)> <Delay = 0.00>
ST_35 : Operation 180 [1/1] (0.99ns)   --->   "%icmp_ln187 = icmp eq i32 %pX_load, 4" [firmware/nnet_utils/nnet_conv2d_stream.h:187->firmware/nnet_utils/nnet_conv2d_stream.h:367]   --->   Operation 180 'icmp' 'icmp_ln187' <Predicate = true> <Delay = 0.99> <Core = "Cmp">   --->   Core 25 'Cmp' <Latency = 0> <II = 1> <Delay = 0.99> <FuncUnit> <Opcode : 'icmp'> <InPorts = 2> <OutPorts = 1>
ST_35 : Operation 181 [1/1] (0.00ns)   --->   "br i1 %icmp_ln187, label %1, label %5" [firmware/nnet_utils/nnet_conv2d_stream.h:187->firmware/nnet_utils/nnet_conv2d_stream.h:367]   --->   Operation 181 'br' <Predicate = true> <Delay = 0.00>
ST_35 : Operation 182 [1/1] (1.01ns)   --->   "%add_ln200 = add nsw i32 %pX_load, 1" [firmware/nnet_utils/nnet_conv2d_stream.h:200->firmware/nnet_utils/nnet_conv2d_stream.h:367]   --->   Operation 182 'add' 'add_ln200' <Predicate = (!icmp_ln187)> <Delay = 1.01> <Core = "AddSub">   --->   Core 14 'AddSub' <Latency = 0> <II = 1> <Delay = 1.01> <FuncUnit> <Opcode : 'add' 'sub'> <InPorts = 2> <OutPorts = 1>
ST_35 : Operation 183 [1/1] (0.65ns)   --->   "store i32 %add_ln200, i32* @pX, align 4" [firmware/nnet_utils/nnet_conv2d_stream.h:200->firmware/nnet_utils/nnet_conv2d_stream.h:367]   --->   Operation 183 'store' <Predicate = (!icmp_ln187)> <Delay = 0.65>
ST_35 : Operation 184 [1/1] (1.01ns)   --->   "%add_ln202 = add i32 %sX_load, 1" [firmware/nnet_utils/nnet_conv2d_stream.h:202->firmware/nnet_utils/nnet_conv2d_stream.h:367]   --->   Operation 184 'add' 'add_ln202' <Predicate = (!icmp_ln187 & !icmp_ln166)> <Delay = 1.01> <Core = "AddSub">   --->   Core 14 'AddSub' <Latency = 0> <II = 1> <Delay = 1.01> <FuncUnit> <Opcode : 'add' 'sub'> <InPorts = 2> <OutPorts = 1>
ST_35 : Operation 185 [1/1] (0.44ns)   --->   "%select_ln202 = select i1 %icmp_ln166, i32 2, i32 %add_ln202" [firmware/nnet_utils/nnet_conv2d_stream.h:202->firmware/nnet_utils/nnet_conv2d_stream.h:367]   --->   Operation 185 'select' 'select_ln202' <Predicate = (!icmp_ln187)> <Delay = 0.44> <Core = "Sel">   --->   Core 26 'Sel' <Latency = 0> <II = 1> <Delay = 0.44> <FuncUnit> <Opcode : 'select'> <InPorts = 3> <OutPorts = 1>
ST_35 : Operation 186 [1/1] (0.65ns)   --->   "store i32 %select_ln202, i32* @sX, align 4" [firmware/nnet_utils/nnet_conv2d_stream.h:202->firmware/nnet_utils/nnet_conv2d_stream.h:367]   --->   Operation 186 'store' <Predicate = (!icmp_ln187)> <Delay = 0.65>
ST_35 : Operation 187 [1/1] (0.00ns)   --->   "br label %6"   --->   Operation 187 'br' <Predicate = (!icmp_ln187)> <Delay = 0.00>
ST_35 : Operation 188 [1/1] (0.65ns)   --->   "store i32 0, i32* @pX, align 4" [firmware/nnet_utils/nnet_conv2d_stream.h:189->firmware/nnet_utils/nnet_conv2d_stream.h:367]   --->   Operation 188 'store' <Predicate = (icmp_ln187)> <Delay = 0.65>
ST_35 : Operation 189 [1/1] (0.65ns)   --->   "store i32 0, i32* @sX, align 4" [firmware/nnet_utils/nnet_conv2d_stream.h:190->firmware/nnet_utils/nnet_conv2d_stream.h:367]   --->   Operation 189 'store' <Predicate = (icmp_ln187)> <Delay = 0.65>
ST_35 : Operation 190 [1/1] (0.99ns)   --->   "%icmp_ln191 = icmp eq i32 %pY_load, 4" [firmware/nnet_utils/nnet_conv2d_stream.h:191->firmware/nnet_utils/nnet_conv2d_stream.h:367]   --->   Operation 190 'icmp' 'icmp_ln191' <Predicate = (icmp_ln187)> <Delay = 0.99> <Core = "Cmp">   --->   Core 25 'Cmp' <Latency = 0> <II = 1> <Delay = 0.99> <FuncUnit> <Opcode : 'icmp'> <InPorts = 2> <OutPorts = 1>
ST_35 : Operation 191 [1/1] (0.00ns)   --->   "br i1 %icmp_ln191, label %2, label %3" [firmware/nnet_utils/nnet_conv2d_stream.h:191->firmware/nnet_utils/nnet_conv2d_stream.h:367]   --->   Operation 191 'br' <Predicate = (icmp_ln187)> <Delay = 0.00>
ST_35 : Operation 192 [1/1] (1.01ns)   --->   "%add_ln195 = add nsw i32 %pY_load, 1" [firmware/nnet_utils/nnet_conv2d_stream.h:195->firmware/nnet_utils/nnet_conv2d_stream.h:367]   --->   Operation 192 'add' 'add_ln195' <Predicate = (icmp_ln187 & !icmp_ln191)> <Delay = 1.01> <Core = "AddSub">   --->   Core 14 'AddSub' <Latency = 0> <II = 1> <Delay = 1.01> <FuncUnit> <Opcode : 'add' 'sub'> <InPorts = 2> <OutPorts = 1>
ST_35 : Operation 193 [1/1] (0.65ns)   --->   "store i32 %add_ln195, i32* @pY, align 4" [firmware/nnet_utils/nnet_conv2d_stream.h:195->firmware/nnet_utils/nnet_conv2d_stream.h:367]   --->   Operation 193 'store' <Predicate = (icmp_ln187 & !icmp_ln191)> <Delay = 0.65>
ST_35 : Operation 194 [1/1] (1.01ns)   --->   "%add_ln197 = add i32 %sY_load, 1" [firmware/nnet_utils/nnet_conv2d_stream.h:197->firmware/nnet_utils/nnet_conv2d_stream.h:367]   --->   Operation 194 'add' 'add_ln197' <Predicate = (icmp_ln187 & !icmp_ln191 & !icmp_ln166_1)> <Delay = 1.01> <Core = "AddSub">   --->   Core 14 'AddSub' <Latency = 0> <II = 1> <Delay = 1.01> <FuncUnit> <Opcode : 'add' 'sub'> <InPorts = 2> <OutPorts = 1>
ST_35 : Operation 195 [1/1] (0.44ns)   --->   "%select_ln197 = select i1 %icmp_ln166_1, i32 2, i32 %add_ln197" [firmware/nnet_utils/nnet_conv2d_stream.h:197->firmware/nnet_utils/nnet_conv2d_stream.h:367]   --->   Operation 195 'select' 'select_ln197' <Predicate = (icmp_ln187 & !icmp_ln191)> <Delay = 0.44> <Core = "Sel">   --->   Core 26 'Sel' <Latency = 0> <II = 1> <Delay = 0.44> <FuncUnit> <Opcode : 'select'> <InPorts = 3> <OutPorts = 1>
ST_35 : Operation 196 [1/1] (0.65ns)   --->   "br label %4"   --->   Operation 196 'br' <Predicate = (icmp_ln187 & !icmp_ln191)> <Delay = 0.65>
ST_35 : Operation 197 [1/1] (0.65ns)   --->   "store i32 0, i32* @pY, align 4" [firmware/nnet_utils/nnet_conv2d_stream.h:192->firmware/nnet_utils/nnet_conv2d_stream.h:367]   --->   Operation 197 'store' <Predicate = (icmp_ln187 & icmp_ln191)> <Delay = 0.65>
ST_35 : Operation 198 [1/1] (0.65ns)   --->   "br label %4" [firmware/nnet_utils/nnet_conv2d_stream.h:194->firmware/nnet_utils/nnet_conv2d_stream.h:367]   --->   Operation 198 'br' <Predicate = (icmp_ln187 & icmp_ln191)> <Delay = 0.65>
ST_35 : Operation 199 [1/1] (0.00ns)   --->   "%storemerge_i = phi i32 [ %select_ln197, %3 ], [ 0, %2 ]" [firmware/nnet_utils/nnet_conv2d_stream.h:197->firmware/nnet_utils/nnet_conv2d_stream.h:367]   --->   Operation 199 'phi' 'storemerge_i' <Predicate = (icmp_ln187)> <Delay = 0.00>
ST_35 : Operation 200 [1/1] (0.00ns)   --->   "store i32 %storemerge_i, i32* @sY, align 4" [firmware/nnet_utils/nnet_conv2d_stream.h:193->firmware/nnet_utils/nnet_conv2d_stream.h:367]   --->   Operation 200 'store' <Predicate = (icmp_ln187)> <Delay = 0.00>
ST_35 : Operation 201 [1/1] (0.00ns)   --->   "br label %6" [firmware/nnet_utils/nnet_conv2d_stream.h:199->firmware/nnet_utils/nnet_conv2d_stream.h:367]   --->   Operation 201 'br' <Predicate = (icmp_ln187)> <Delay = 0.00>
ST_35 : Operation 202 [1/1] (0.00ns)   --->   "br label %0" [firmware/nnet_utils/nnet_conv2d_stream.h:157->firmware/nnet_utils/nnet_conv2d_stream.h:367]   --->   Operation 202 'br' <Predicate = true> <Delay = 0.00>


============================================================
+ Verbose Summary: Timing violations
============================================================
Target clock period: 5ns, clock uncertainty: 0.625ns.

 <State 1>: 0.656ns
The critical path consists of the following:
	multiplexor before 'phi' operation ('i') with incoming values : ('i', firmware/nnet_utils/nnet_conv2d_stream.h:157->firmware/nnet_utils/nnet_conv2d_stream.h:367) [32]  (0.656 ns)

 <State 2>: 1.84ns
The critical path consists of the following:
	fifo read on port 'data_V_V' (firmware/nnet_utils/nnet_conv2d_stream.h:161->firmware/nnet_utils/nnet_conv2d_stream.h:367) [38]  (1.84 ns)

 <State 3>: 1.84ns
The critical path consists of the following:
	fifo read on port 'data_V_V' (firmware/nnet_utils/nnet_conv2d_stream.h:161->firmware/nnet_utils/nnet_conv2d_stream.h:367) [39]  (1.84 ns)

 <State 4>: 1.84ns
The critical path consists of the following:
	fifo read on port 'data_V_V' (firmware/nnet_utils/nnet_conv2d_stream.h:161->firmware/nnet_utils/nnet_conv2d_stream.h:367) [40]  (1.84 ns)

 <State 5>: 1.84ns
The critical path consists of the following:
	fifo read on port 'data_V_V' (firmware/nnet_utils/nnet_conv2d_stream.h:161->firmware/nnet_utils/nnet_conv2d_stream.h:367) [41]  (1.84 ns)

 <State 6>: 1.84ns
The critical path consists of the following:
	fifo read on port 'data_V_V' (firmware/nnet_utils/nnet_conv2d_stream.h:161->firmware/nnet_utils/nnet_conv2d_stream.h:367) [42]  (1.84 ns)

 <State 7>: 1.84ns
The critical path consists of the following:
	fifo read on port 'data_V_V' (firmware/nnet_utils/nnet_conv2d_stream.h:161->firmware/nnet_utils/nnet_conv2d_stream.h:367) [43]  (1.84 ns)

 <State 8>: 1.84ns
The critical path consists of the following:
	fifo read on port 'data_V_V' (firmware/nnet_utils/nnet_conv2d_stream.h:161->firmware/nnet_utils/nnet_conv2d_stream.h:367) [44]  (1.84 ns)

 <State 9>: 1.84ns
The critical path consists of the following:
	fifo read on port 'data_V_V' (firmware/nnet_utils/nnet_conv2d_stream.h:161->firmware/nnet_utils/nnet_conv2d_stream.h:367) [45]  (1.84 ns)

 <State 10>: 2.67ns
The critical path consists of the following:
	'call' operation ('call_ln161', firmware/nnet_utils/nnet_conv2d_stream.h:161->firmware/nnet_utils/nnet_conv2d_stream.h:367) to 'cnnshift_arr<ap_fixed,ap_fixed<16,14,5,3,0>,config2>' [47]  (2.67 ns)

 <State 11>: 2.67ns
The critical path consists of the following:
	'call' operation ('call_ln161', firmware/nnet_utils/nnet_conv2d_stream.h:161->firmware/nnet_utils/nnet_conv2d_stream.h:367) to 'cnnshift_arr<ap_fixed,ap_fixed<16,14,5,3,0>,config2>' [47]  (2.67 ns)

 <State 12>: 2.67ns
The critical path consists of the following:
	'call' operation ('call_ln161', firmware/nnet_utils/nnet_conv2d_stream.h:161->firmware/nnet_utils/nnet_conv2d_stream.h:367) to 'cnnshift_arr<ap_fixed,ap_fixed<16,14,5,3,0>,config2>' [47]  (2.67 ns)

 <State 13>: 2.67ns
The critical path consists of the following:
	'call' operation ('call_ln161', firmware/nnet_utils/nnet_conv2d_stream.h:161->firmware/nnet_utils/nnet_conv2d_stream.h:367) to 'cnnshift_arr<ap_fixed,ap_fixed<16,14,5,3,0>,config2>' [47]  (2.67 ns)

 <State 14>: 2.67ns
The critical path consists of the following:
	'call' operation ('call_ln161', firmware/nnet_utils/nnet_conv2d_stream.h:161->firmware/nnet_utils/nnet_conv2d_stream.h:367) to 'cnnshift_arr<ap_fixed,ap_fixed<16,14,5,3,0>,config2>' [47]  (2.67 ns)

 <State 15>: 2.67ns
The critical path consists of the following:
	'call' operation ('call_ln161', firmware/nnet_utils/nnet_conv2d_stream.h:161->firmware/nnet_utils/nnet_conv2d_stream.h:367) to 'cnnshift_arr<ap_fixed,ap_fixed<16,14,5,3,0>,config2>' [47]  (2.67 ns)

 <State 16>: 1.57ns
The critical path consists of the following:
	'load' operation ('pY_load', firmware/nnet_utils/nnet_conv2d_stream.h:166->firmware/nnet_utils/nnet_conv2d_stream.h:367) on static variable 'pY' [52]  (0 ns)
	'icmp' operation ('icmp_ln166_2', firmware/nnet_utils/nnet_conv2d_stream.h:166->firmware/nnet_utils/nnet_conv2d_stream.h:367) [54]  (0.998 ns)
	'and' operation ('and_ln166_1', firmware/nnet_utils/nnet_conv2d_stream.h:166->firmware/nnet_utils/nnet_conv2d_stream.h:367) [59]  (0 ns)
	'and' operation ('and_ln166_2', firmware/nnet_utils/nnet_conv2d_stream.h:166->firmware/nnet_utils/nnet_conv2d_stream.h:367) [60]  (0.287 ns)
	blocking operation 0.287 ns on control path)

 <State 17>: 1.24ns
The critical path consists of the following:
	'phi' operation ('i_in') with incoming values : ('i_in', firmware/nnet_utils/nnet_dense_resource.h:291->firmware/nnet_utils/nnet_conv2d_stream.h:172->firmware/nnet_utils/nnet_conv2d_stream.h:367) [67]  (0 ns)
	'getelementptr' operation ('weights_V_addr', firmware/nnet_utils/nnet_dense_resource.h:299->firmware/nnet_utils/nnet_conv2d_stream.h:172->firmware/nnet_utils/nnet_conv2d_stream.h:367) [105]  (0 ns)
	'load' operation ('weights_V_load', firmware/nnet_utils/nnet_dense_resource.h:299->firmware/nnet_utils/nnet_conv2d_stream.h:172->firmware/nnet_utils/nnet_conv2d_stream.h:367) on array 'weights_V' [106]  (1.24 ns)

 <State 18>: 2.75ns
The critical path consists of the following:
	'load' operation ('layer_in_V_load', firmware/nnet_utils/nnet_dense_resource.h:293->firmware/nnet_utils/nnet_conv2d_stream.h:172->firmware/nnet_utils/nnet_conv2d_stream.h:367) on array 'layer_in_V' [83]  (1.24 ns)
	'select' operation ('select_ln293_1', firmware/nnet_utils/nnet_dense_resource.h:293->firmware/nnet_utils/nnet_conv2d_stream.h:172->firmware/nnet_utils/nnet_conv2d_stream.h:367) [95]  (0 ns)
	'lshr' operation ('lshr_ln293', firmware/nnet_utils/nnet_dense_resource.h:293->firmware/nnet_utils/nnet_conv2d_stream.h:172->firmware/nnet_utils/nnet_conv2d_stream.h:367) [100]  (1.52 ns)

 <State 19>: 4.13ns
The critical path consists of the following:
	'lshr' operation ('lshr_ln293_1', firmware/nnet_utils/nnet_dense_resource.h:293->firmware/nnet_utils/nnet_conv2d_stream.h:172->firmware/nnet_utils/nnet_conv2d_stream.h:367) [101]  (0 ns)
	'and' operation ('and_ln293', firmware/nnet_utils/nnet_dense_resource.h:293->firmware/nnet_utils/nnet_conv2d_stream.h:172->firmware/nnet_utils/nnet_conv2d_stream.h:367) [102]  (0.741 ns)
	'call' operation ('p_0', firmware/nnet_utils/nnet_dense_resource.h:299->firmware/nnet_utils/nnet_conv2d_stream.h:172->firmware/nnet_utils/nnet_conv2d_stream.h:367) to 'product_dense<ap_fixed,ap_fixed,ap_fixed >' [108]  (2.53 ns)
	'add' operation ('add_ln703', firmware/nnet_utils/nnet_dense_resource.h:299->firmware/nnet_utils/nnet_conv2d_stream.h:172->firmware/nnet_utils/nnet_conv2d_stream.h:367) [110]  (0.853 ns)

 <State 20>: 3.39ns
The critical path consists of the following:
	'call' operation ('p_0_1', firmware/nnet_utils/nnet_dense_resource.h:299->firmware/nnet_utils/nnet_conv2d_stream.h:172->firmware/nnet_utils/nnet_conv2d_stream.h:367) to 'product_dense<ap_fixed,ap_fixed,ap_fixed >' [112]  (2.53 ns)
	'add' operation ('add_ln703_1', firmware/nnet_utils/nnet_dense_resource.h:299->firmware/nnet_utils/nnet_conv2d_stream.h:172->firmware/nnet_utils/nnet_conv2d_stream.h:367) [114]  (0.853 ns)

 <State 21>: 3.39ns
The critical path consists of the following:
	'call' operation ('p_0_2', firmware/nnet_utils/nnet_dense_resource.h:299->firmware/nnet_utils/nnet_conv2d_stream.h:172->firmware/nnet_utils/nnet_conv2d_stream.h:367) to 'product_dense<ap_fixed,ap_fixed,ap_fixed >' [116]  (2.53 ns)
	'add' operation ('add_ln703_2', firmware/nnet_utils/nnet_dense_resource.h:299->firmware/nnet_utils/nnet_conv2d_stream.h:172->firmware/nnet_utils/nnet_conv2d_stream.h:367) [118]  (0.853 ns)

 <State 22>: 3.39ns
The critical path consists of the following:
	'call' operation ('p_0_3', firmware/nnet_utils/nnet_dense_resource.h:299->firmware/nnet_utils/nnet_conv2d_stream.h:172->firmware/nnet_utils/nnet_conv2d_stream.h:367) to 'product_dense<ap_fixed,ap_fixed,ap_fixed >' [120]  (2.53 ns)
	'add' operation ('add_ln703_3', firmware/nnet_utils/nnet_dense_resource.h:299->firmware/nnet_utils/nnet_conv2d_stream.h:172->firmware/nnet_utils/nnet_conv2d_stream.h:367) [122]  (0.853 ns)

 <State 23>: 3.39ns
The critical path consists of the following:
	'call' operation ('p_0_4', firmware/nnet_utils/nnet_dense_resource.h:299->firmware/nnet_utils/nnet_conv2d_stream.h:172->firmware/nnet_utils/nnet_conv2d_stream.h:367) to 'product_dense<ap_fixed,ap_fixed,ap_fixed >' [124]  (2.53 ns)
	'add' operation ('add_ln703_4', firmware/nnet_utils/nnet_dense_resource.h:299->firmware/nnet_utils/nnet_conv2d_stream.h:172->firmware/nnet_utils/nnet_conv2d_stream.h:367) [126]  (0.853 ns)

 <State 24>: 3.39ns
The critical path consists of the following:
	'call' operation ('p_0_5', firmware/nnet_utils/nnet_dense_resource.h:299->firmware/nnet_utils/nnet_conv2d_stream.h:172->firmware/nnet_utils/nnet_conv2d_stream.h:367) to 'product_dense<ap_fixed,ap_fixed,ap_fixed >' [128]  (2.53 ns)
	'add' operation ('add_ln703_5', firmware/nnet_utils/nnet_dense_resource.h:299->firmware/nnet_utils/nnet_conv2d_stream.h:172->firmware/nnet_utils/nnet_conv2d_stream.h:367) [130]  (0.853 ns)

 <State 25>: 3.39ns
The critical path consists of the following:
	'call' operation ('p_0_6', firmware/nnet_utils/nnet_dense_resource.h:299->firmware/nnet_utils/nnet_conv2d_stream.h:172->firmware/nnet_utils/nnet_conv2d_stream.h:367) to 'product_dense<ap_fixed,ap_fixed,ap_fixed >' [132]  (2.53 ns)
	'add' operation ('add_ln703_6', firmware/nnet_utils/nnet_dense_resource.h:299->firmware/nnet_utils/nnet_conv2d_stream.h:172->firmware/nnet_utils/nnet_conv2d_stream.h:367) [134]  (0.853 ns)

 <State 26>: 3.39ns
The critical path consists of the following:
	'call' operation ('p_0_7', firmware/nnet_utils/nnet_dense_resource.h:299->firmware/nnet_utils/nnet_conv2d_stream.h:172->firmware/nnet_utils/nnet_conv2d_stream.h:367) to 'product_dense<ap_fixed,ap_fixed,ap_fixed >' [136]  (2.53 ns)
	'add' operation ('add_ln703_7', firmware/nnet_utils/nnet_dense_resource.h:299->firmware/nnet_utils/nnet_conv2d_stream.h:172->firmware/nnet_utils/nnet_conv2d_stream.h:367) [138]  (0.853 ns)

 <State 27>: 0ns
The critical path consists of the following:

 <State 28>: 0ns
The critical path consists of the following:

 <State 29>: 0ns
The critical path consists of the following:

 <State 30>: 0ns
The critical path consists of the following:

 <State 31>: 0ns
The critical path consists of the following:

 <State 32>: 0ns
The critical path consists of the following:

 <State 33>: 0ns
The critical path consists of the following:

 <State 34>: 0ns
The critical path consists of the following:

 <State 35>: 2.12ns
The critical path consists of the following:
	'add' operation ('add_ln202', firmware/nnet_utils/nnet_conv2d_stream.h:202->firmware/nnet_utils/nnet_conv2d_stream.h:367) [167]  (1.02 ns)
	'select' operation ('select_ln202', firmware/nnet_utils/nnet_conv2d_stream.h:202->firmware/nnet_utils/nnet_conv2d_stream.h:367) [168]  (0.449 ns)
	'store' operation ('store_ln202', firmware/nnet_utils/nnet_conv2d_stream.h:202->firmware/nnet_utils/nnet_conv2d_stream.h:367) of variable 'select_ln202', firmware/nnet_utils/nnet_conv2d_stream.h:202->firmware/nnet_utils/nnet_conv2d_stream.h:367 on static variable 'sX' [169]  (0.656 ns)


============================================================
+ Verbose Summary: Binding
============================================================
N/A
* FSMD analyzer results:
  - Output states:
 - Input state : 
  - Chain level:
	State 1
	State 2
	State 3
	State 4
	State 5
	State 6
	State 7
	State 8
	State 9
	State 10
	State 11
	State 12
	State 13
	State 14
	State 15
	State 16
	State 17
	State 18
	State 19
	State 20
	State 21
	State 22
	State 23
	State 24
	State 25
	State 26
	State 27
	State 28
	State 29
	State 30
	State 31
	State 32
	State 33
	State 34
	State 35


============================================================
+ Verbose Summary: Datapath Resource usage 
============================================================
N/A
